<?xml version="1.0" encoding="UTF-8"?>
<!-- Generated by org.testng.reporters.JUnitXMLReporter -->
<testsuite ignored="0" hostname="LAPTOP-L3G1H4CL" failures="0" tests="3" name="Surefire test" time="21.286" errors="0" timestamp="2023-10-10T18:16:55 BST">
  <testcase classname="com.automationproject.demoCICD.TestClass1" name="Test1" time="0.429"/>
  <testcase classname="com.automationproject.demoCICD.TestClass1" name="Test2" time="0.268"/>
  <testcase classname="com.automationproject.demoCICD.TestClass1" name="Test3" time="0.169"/>
</testsuite> <!-- Surefire test -->
