<?xml version="1.0" encoding="UTF-8"?>
<!-- Generated by org.testng.reporters.JUnitXMLReporter -->
<testsuite ignored="0" hostname="LAPTOP-L3G1H4CL" failures="0" tests="3" name="Default test" time="35.453" errors="0" timestamp="2023-10-19T14:21:45 BST">
  <testcase classname="com.automationproject.demoCICD.TestClass1" name="Test1" time="1.317"/>
  <testcase classname="com.automationproject.demoCICD.TestClass1" name="Test2" time="0.302"/>
  <testcase classname="com.automationproject.demoCICD.TestClass1" name="Test3" time="0.352"/>
</testsuite> <!-- Default test -->
