<?xml version="1.0" encoding="UTF-8"?>
<!-- Generated by org.testng.reporters.JUnitXMLReporter -->
<testsuite ignored="0" hostname="LAPTOP-L3G1H4CL" failures="0" tests="3" name="Test" time="44.915" errors="0" timestamp="2023-10-10T08:01:24 BST">
  <testcase classname="com.automationproject.demoCICD.TestClass1" name="Test1" time="0.712"/>
  <testcase classname="com.automationproject.demoCICD.TestClass1" name="Test2" time="1.499"/>
  <testcase classname="com.automationproject.demoCICD.TestClass1" name="Test3" time="0.877"/>
</testsuite> <!-- Test -->
