<?xml version="1.0" encoding="UTF-8"?>
<testng-results ignored="0" total="3" passed="3" failed="0" skipped="0">
  <reporter-output>
  </reporter-output>
  <suite started-at="2023-10-16T13:09:23 BST" name="Surefire suite" finished-at="2023-10-16T13:09:53 BST" duration-ms="30006">
    <groups>
    </groups>
    <test started-at="2023-10-16T13:09:23 BST" name="Surefire test" finished-at="2023-10-16T13:09:53 BST" duration-ms="30006">
      <class name="com.automationproject.demoCICD.TestClass1">
        <test-method is-config="true" signature="launchDriver()[pri:0, instance:com.automationproject.demoCICD.TestClass1@7d3430a7]" started-at="2023-10-16T13:09:23 BST" name="launchDriver" finished-at="2023-10-16T13:09:35 BST" duration-ms="12284" status="PASS">
          <reporter-output>
          </reporter-output>
        </test-method> <!-- launchDriver -->
        <test-method signature="Test1()[pri:0, instance:com.automationproject.demoCICD.TestClass1@7d3430a7]" started-at="2023-10-16T13:09:35 BST" name="Test1" finished-at="2023-10-16T13:09:36 BST" duration-ms="796" status="PASS">
          <reporter-output>
          </reporter-output>
        </test-method> <!-- Test1 -->
        <test-method is-config="true" signature="quit()[pri:0, instance:com.automationproject.demoCICD.TestClass1@7d3430a7]" started-at="2023-10-16T13:09:36 BST" name="quit" finished-at="2023-10-16T13:09:37 BST" duration-ms="492" status="PASS">
          <reporter-output>
          </reporter-output>
        </test-method> <!-- quit -->
        <test-method is-config="true" signature="launchDriver()[pri:0, instance:com.automationproject.demoCICD.TestClass1@7d3430a7]" started-at="2023-10-16T13:09:37 BST" name="launchDriver" finished-at="2023-10-16T13:09:44 BST" duration-ms="7455" status="PASS">
          <reporter-output>
          </reporter-output>
        </test-method> <!-- launchDriver -->
        <test-method signature="Test2()[pri:0, instance:com.automationproject.demoCICD.TestClass1@7d3430a7]" started-at="2023-10-16T13:09:44 BST" name="Test2" finished-at="2023-10-16T13:09:44 BST" duration-ms="273" status="PASS">
          <reporter-output>
          </reporter-output>
        </test-method> <!-- Test2 -->
        <test-method is-config="true" signature="quit()[pri:0, instance:com.automationproject.demoCICD.TestClass1@7d3430a7]" started-at="2023-10-16T13:09:44 BST" name="quit" finished-at="2023-10-16T13:09:45 BST" duration-ms="339" status="PASS">
          <reporter-output>
          </reporter-output>
        </test-method> <!-- quit -->
        <test-method is-config="true" signature="launchDriver()[pri:0, instance:com.automationproject.demoCICD.TestClass1@7d3430a7]" started-at="2023-10-16T13:09:45 BST" name="launchDriver" finished-at="2023-10-16T13:09:52 BST" duration-ms="7512" status="PASS">
          <reporter-output>
          </reporter-output>
        </test-method> <!-- launchDriver -->
        <test-method signature="Test3()[pri:0, instance:com.automationproject.demoCICD.TestClass1@7d3430a7]" started-at="2023-10-16T13:09:52 BST" name="Test3" finished-at="2023-10-16T13:09:53 BST" duration-ms="497" status="PASS">
          <reporter-output>
          </reporter-output>
        </test-method> <!-- Test3 -->
        <test-method is-config="true" signature="quit()[pri:0, instance:com.automationproject.demoCICD.TestClass1@7d3430a7]" started-at="2023-10-16T13:09:53 BST" name="quit" finished-at="2023-10-16T13:09:53 BST" duration-ms="307" status="PASS">
          <reporter-output>
          </reporter-output>
        </test-method> <!-- quit -->
      </class> <!-- com.automationproject.demoCICD.TestClass1 -->
    </test> <!-- Surefire test -->
  </suite> <!-- Surefire suite -->
</testng-results>
