<?xml version="1.0" encoding="UTF-8"?>
<testsuite xmlns:xsi="http://www.w3.org/2001/XMLSchema-instance" xsi:noNamespaceSchemaLocation="https://maven.apache.org/surefire/maven-surefire-plugin/xsd/surefire-test-report-3.0.xsd" version="3.0" name="com.automationproject.demoCICD.TestClass1" time="22.934" tests="3" errors="0" skipped="0" failures="0">
  <properties>
[...]
</properties>
  <testcase name="Test1" classname="com.automationproject.demoCICD.TestClass1" time="0.433">
    <system-out><![CDATA[&amp#27;[35m23-10-10 18:16:33:759&amp#27;[m [&amp#27;[34mDEBUG&amp#27;[m] [Graph] ADDING NODE TestClass1.launchDriver()[pri:0, instance:null] 1974341900
&amp#27;[35m23-10-10 18:16:33:763&amp#27;[m [&amp#27;[34mDEBUG&amp#27;[m] [Graph] ================ SORTING
&amp#27;[35m23-10-10 18:16:33:767&amp#27;[m [&amp#27;[34mDEBUG&amp#27;[m] [Graph] =============== DONE SORTING
&amp#27;[35m23-10-10 18:16:33:768&amp#27;[m [&amp#27;[34mDEBUG&amp#27;[m] [Graph] ====== SORTED NODES
&amp#27;[35m23-10-10 18:16:33:768&amp#27;[m [&amp#27;[34mDEBUG&amp#27;[m] [Graph] ====== END SORTED NODES
&amp#27;[35m23-10-10 18:16:33:770&amp#27;[m [&amp#27;[34mDEBUG&amp#27;[m] [Graph] ADDING NODE TestClass1.quit()[pri:0, instance:null] 1563748152
&amp#27;[35m23-10-10 18:16:33:770&amp#27;[m [&amp#27;[34mDEBUG&amp#27;[m] [Graph] ================ SORTING
&amp#27;[35m23-10-10 18:16:33:770&amp#27;[m [&amp#27;[34mDEBUG&amp#27;[m] [Graph] =============== DONE SORTING
&amp#27;[35m23-10-10 18:16:33:771&amp#27;[m [&amp#27;[34mDEBUG&amp#27;[m] [Graph] ====== SORTED NODES
&amp#27;[35m23-10-10 18:16:33:771&amp#27;[m [&amp#27;[34mDEBUG&amp#27;[m] [Graph] ====== END SORTED NODES
&amp#27;[35m23-10-10 18:16:33:781&amp#27;[m [&amp#27;[34mDEBUG&amp#27;[m] [Graph] ADDING NODE TestClass1.Test1()[pri:0, instance:com.automationproject.demoCICD.TestClass1@7d3430a7] 1563998367
&amp#27;[35m23-10-10 18:16:33:782&amp#27;[m [&amp#27;[34mDEBUG&amp#27;[m] [Graph] ADDING NODE TestClass1.Test3()[pri:0, instance:com.automationproject.demoCICD.TestClass1@7d3430a7] 1563995825
&amp#27;[35m23-10-10 18:16:33:782&amp#27;[m [&amp#27;[34mDEBUG&amp#27;[m] [Graph] ADDING NODE TestClass1.Test2()[pri:0, instance:com.automationproject.demoCICD.TestClass1@7d3430a7] 1563995794
&amp#27;[35m23-10-10 18:16:33:782&amp#27;[m [&amp#27;[34mDEBUG&amp#27;[m] [Graph] ================ SORTING
&amp#27;[35m23-10-10 18:16:33:784&amp#27;[m [&amp#27;[34mDEBUG&amp#27;[m] [Graph] =============== DONE SORTING
&amp#27;[35m23-10-10 18:16:33:784&amp#27;[m [&amp#27;[34mDEBUG&amp#27;[m] [Graph] ====== SORTED NODES
&amp#27;[35m23-10-10 18:16:33:784&amp#27;[m [&amp#27;[34mDEBUG&amp#27;[m] [Graph] ====== END SORTED NODES
&amp#27;[35m23-10-10 18:16:34:170&amp#27;[m [&amp#27;[34mDEBUG&amp#27;[m] Using SLF4J as the default logging framework
&amp#27;[35m23-10-10 18:16:34:181&amp#27;[m [&amp#27;[34mDEBUG&amp#27;[m] -Dio.netty.leakDetection.level: simple
&amp#27;[35m23-10-10 18:16:34:181&amp#27;[m [&amp#27;[34mDEBUG&amp#27;[m] -Dio.netty.leakDetection.targetRecords: 4
&amp#27;[35m23-10-10 18:16:34:190&amp#27;[m [&amp#27;[34mDEBUG&amp#27;[m] Loaded default ResourceLeakDetector: io.netty.util.ResourceLeakDetector@25230246
&amp#27;[35m23-10-10 18:16:34:221&amp#27;[m [&amp#27;[34mDEBUG&amp#27;[m] -Dio.netty.noUnsafe: false
&amp#27;[35m23-10-10 18:16:34:221&amp#27;[m [&amp#27;[34mDEBUG&amp#27;[m] Java version: 17
&amp#27;[35m23-10-10 18:16:34:223&amp#27;[m [&amp#27;[34mDEBUG&amp#27;[m] sun.misc.Unsafe.theUnsafe: available
&amp#27;[35m23-10-10 18:16:34:224&amp#27;[m [&amp#27;[34mDEBUG&amp#27;[m] sun.misc.Unsafe.copyMemory: available
&amp#27;[35m23-10-10 18:16:34:225&amp#27;[m [&amp#27;[34mDEBUG&amp#27;[m] sun.misc.Unsafe.storeFence: available
&amp#27;[35m23-10-10 18:16:34:226&amp#27;[m [&amp#27;[34mDEBUG&amp#27;[m] java.nio.Buffer.address: available
&amp#27;[35m23-10-10 18:16:34:227&amp#27;[m [&amp#27;[34mDEBUG&amp#27;[m] direct buffer constructor: unavailable
java.lang.UnsupportedOperationException: Reflective setAccessible(true) disabled
	at io.netty.util.internal.ReflectionUtil.trySetAccessible(ReflectionUtil.java:31) ~[netty-common-4.1.79.Final.jar:4.1.79.Final]
	at io.netty.util.internal.PlatformDependent0$5.run(PlatformDependent0.java:287) ~[netty-common-4.1.79.Final.jar:4.1.79.Final]
	at java.security.AccessController.doPrivileged(AccessController.java:318) ~[?:?]
	at io.netty.util.internal.PlatformDependent0.<clinit>(PlatformDependent0.java:281) ~[netty-common-4.1.79.Final.jar:4.1.79.Final]
	at io.netty.util.internal.PlatformDependent.isAndroid(PlatformDependent.java:333) ~[netty-common-4.1.79.Final.jar:4.1.79.Final]
	at io.netty.util.internal.PlatformDependent.<clinit>(PlatformDependent.java:88) ~[netty-common-4.1.79.Final.jar:4.1.79.Final]
	at io.netty.util.HashedWheelTimer.<init>(HashedWheelTimer.java:114) ~[netty-common-4.1.79.Final.jar:4.1.79.Final]
	at io.netty.util.HashedWheelTimer.<init>(HashedWheelTimer.java:251) ~[netty-common-4.1.79.Final.jar:4.1.79.Final]
	at io.netty.util.HashedWheelTimer.<init>(HashedWheelTimer.java:224) ~[netty-common-4.1.79.Final.jar:4.1.79.Final]
	at io.netty.util.HashedWheelTimer.<init>(HashedWheelTimer.java:203) ~[netty-common-4.1.79.Final.jar:4.1.79.Final]
	at org.asynchttpclient.DefaultAsyncHttpClient.newNettyTimer(DefaultAsyncHttpClient.java:111) ~[async-http-client-2.12.3.jar:?]
	at org.asynchttpclient.DefaultAsyncHttpClient.<init>(DefaultAsyncHttpClient.java:90) ~[async-http-client-2.12.3.jar:?]
	at org.asynchttpclient.Dsl.asyncHttpClient(Dsl.java:32) ~[async-http-client-2.12.3.jar:?]
	at org.openqa.selenium.remote.http.netty.NettyClient.createHttpClient(NettyClient.java:94) ~[selenium-remote-driver-4.5.0.jar:?]
	at org.openqa.selenium.remote.http.netty.NettyClient.<clinit>(NettyClient.java:47) ~[selenium-remote-driver-4.5.0.jar:?]
	at org.openqa.selenium.remote.http.netty.NettyClient$Factory.createClient(NettyClient.java:135) ~[selenium-remote-driver-4.5.0.jar:?]
	at org.openqa.selenium.remote.HttpCommandExecutor.<init>(HttpCommandExecutor.java:107) ~[selenium-remote-driver-4.5.0.jar:?]
	at org.openqa.selenium.remote.HttpCommandExecutor.<init>(HttpCommandExecutor.java:94) ~[selenium-remote-driver-4.5.0.jar:?]
	at org.openqa.selenium.remote.HttpCommandExecutor.<init>(HttpCommandExecutor.java:85) ~[selenium-remote-driver-4.5.0.jar:?]
	at org.openqa.selenium.remote.service.DriverCommandExecutor.<init>(DriverCommandExecutor.java:80) ~[selenium-remote-driver-4.5.0.jar:?]
	at org.openqa.selenium.chromium.ChromiumDriverCommandExecutor.<init>(ChromiumDriverCommandExecutor.java:35) ~[selenium-chromium-driver-4.5.0.jar:?]
	at org.openqa.selenium.chrome.ChromeDriver$ChromeDriverCommandExecutor.<init>(ChromeDriver.java:93) ~[selenium-chrome-driver-4.5.0.jar:?]
	at org.openqa.selenium.chrome.ChromeDriver.<init>(ChromeDriver.java:81) ~[selenium-chrome-driver-4.5.0.jar:?]
	at org.openqa.selenium.chrome.ChromeDriver.<init>(ChromeDriver.java:70) ~[selenium-chrome-driver-4.5.0.jar:?]
	at com.automationproject.demoCICD.TestClass1.launchDriver(TestClass1.java:21) ~[test-classes/:?]
	at jdk.internal.reflect.NativeMethodAccessorImpl.invoke0(Native Method) ~[?:?]
	at jdk.internal.reflect.NativeMethodAccessorImpl.invoke(NativeMethodAccessorImpl.java:77) ~[?:?]
	at jdk.internal.reflect.DelegatingMethodAccessorImpl.invoke(DelegatingMethodAccessorImpl.java:43) ~[?:?]
	at java.lang.reflect.Method.invoke(Method.java:568) ~[?:?]
	at org.testng.internal.invokers.MethodInvocationHelper.invokeMethod(MethodInvocationHelper.java:135) ~[testng-7.5.jar:7.5]
	at org.testng.internal.invokers.MethodInvocationHelper.invokeMethodConsideringTimeout(MethodInvocationHelper.java:65) ~[testng-7.5.jar:7.5]
	at org.testng.internal.invokers.ConfigInvoker.invokeConfigurationMethod(ConfigInvoker.java:381) ~[testng-7.5.jar:7.5]
	at org.testng.internal.invokers.ConfigInvoker.invokeConfigurations(ConfigInvoker.java:319) ~[testng-7.5.jar:7.5]
	at org.testng.internal.invokers.TestInvoker.runConfigMethods(TestInvoker.java:803) ~[testng-7.5.jar:7.5]
	at org.testng.internal.invokers.TestInvoker.invokeMethod(TestInvoker.java:589) ~[testng-7.5.jar:7.5]
	at org.testng.internal.invokers.TestInvoker.invokeTestMethod(TestInvoker.java:220) ~[testng-7.5.jar:7.5]
	at org.testng.internal.invokers.MethodRunner.runInSequence(MethodRunner.java:50) ~[testng-7.5.jar:7.5]
	at org.testng.internal.invokers.TestInvoker$MethodInvocationAgent.invoke(TestInvoker.java:945) ~[testng-7.5.jar:7.5]
	at org.testng.internal.invokers.TestInvoker.invokeTestMethods(TestInvoker.java:193) ~[testng-7.5.jar:7.5]
	at org.testng.internal.invokers.TestMethodWorker.invokeTestMethods(TestMethodWorker.java:146) ~[testng-7.5.jar:7.5]
	at org.testng.internal.invokers.TestMethodWorker.run(TestMethodWorker.java:128) ~[testng-7.5.jar:7.5]
	at java.util.ArrayList.forEach(ArrayList.java:1511) [?:?]
	at org.testng.TestRunner.privateRun(TestRunner.java:808) [testng-7.5.jar:7.5]
	at org.testng.TestRunner.run(TestRunner.java:603) [testng-7.5.jar:7.5]
	at org.testng.SuiteRunner.runTest(SuiteRunner.java:429) [testng-7.5.jar:7.5]
	at org.testng.SuiteRunner.runSequentially(SuiteRunner.java:423) [testng-7.5.jar:7.5]
	at org.testng.SuiteRunner.privateRun(SuiteRunner.java:383) [testng-7.5.jar:7.5]
	at org.testng.SuiteRunner.run(SuiteRunner.java:326) [testng-7.5.jar:7.5]
	at org.testng.SuiteRunnerWorker.runSuite(SuiteRunnerWorker.java:52) [testng-7.5.jar:7.5]
	at org.testng.SuiteRunnerWorker.run(SuiteRunnerWorker.java:95) [testng-7.5.jar:7.5]
	at org.testng.TestNG.runSuitesSequentially(TestNG.java:1249) [testng-7.5.jar:7.5]
	at org.testng.TestNG.runSuitesLocally(TestNG.java:1169) [testng-7.5.jar:7.5]
	at org.testng.TestNG.runSuites(TestNG.java:1092) [testng-7.5.jar:7.5]
	at org.testng.TestNG.run(TestNG.java:1060) [testng-7.5.jar:7.5]
	at org.apache.maven.surefire.testng.TestNGExecutor.run(TestNGExecutor.java:155) [surefire-testng-3.1.0.jar:3.1.0]
	at org.apache.maven.surefire.testng.TestNGDirectoryTestSuite.executeSingleClass(TestNGDirectoryTestSuite.java:102) [surefire-testng-3.1.0.jar:3.1.0]
	at org.apache.maven.surefire.testng.TestNGDirectoryTestSuite.execute(TestNGDirectoryTestSuite.java:91) [surefire-testng-3.1.0.jar:3.1.0]
	at org.apache.maven.surefire.testng.TestNGProvider.invoke(TestNGProvider.java:137) [surefire-testng-3.1.0.jar:3.1.0]
	at org.apache.maven.surefire.booter.ForkedBooter.runSuitesInProcess(ForkedBooter.java:385) [surefire-booter-3.1.0.jar:3.1.0]
	at org.apache.maven.surefire.booter.ForkedBooter.execute(ForkedBooter.java:162) [surefire-booter-3.1.0.jar:3.1.0]
	at org.apache.maven.surefire.booter.ForkedBooter.run(ForkedBooter.java:507) [surefire-booter-3.1.0.jar:3.1.0]
	at org.apache.maven.surefire.booter.ForkedBooter.main(ForkedBooter.java:495) [surefire-booter-3.1.0.jar:3.1.0]
&amp#27;[35m23-10-10 18:16:34:244&amp#27;[m [&amp#27;[34mDEBUG&amp#27;[m] java.nio.Bits.unaligned: available, true
&amp#27;[35m23-10-10 18:16:34:246&amp#27;[m [&amp#27;[34mDEBUG&amp#27;[m] jdk.internal.misc.Unsafe.allocateUninitializedArray(int): unavailable
java.lang.IllegalAccessException: class io.netty.util.internal.PlatformDependent0$7 cannot access class jdk.internal.misc.Unsafe (in module java.base) because module java.base does not export jdk.internal.misc to unnamed module @74ea2410
	at jdk.internal.reflect.Reflection.newIllegalAccessException(Reflection.java:392) ~[?:?]
	at java.lang.reflect.AccessibleObject.checkAccess(AccessibleObject.java:674) ~[?:?]
	at java.lang.reflect.Method.invoke(Method.java:560) ~[?:?]
	at io.netty.util.internal.PlatformDependent0$7.run(PlatformDependent0.java:409) ~[netty-common-4.1.79.Final.jar:4.1.79.Final]
	at java.security.AccessController.doPrivileged(AccessController.java:318) ~[?:?]
	at io.netty.util.internal.PlatformDependent0.<clinit>(PlatformDependent0.java:400) ~[netty-common-4.1.79.Final.jar:4.1.79.Final]
	at io.netty.util.internal.PlatformDependent.isAndroid(PlatformDependent.java:333) ~[netty-common-4.1.79.Final.jar:4.1.79.Final]
	at io.netty.util.internal.PlatformDependent.<clinit>(PlatformDependent.java:88) ~[netty-common-4.1.79.Final.jar:4.1.79.Final]
	at io.netty.util.HashedWheelTimer.<init>(HashedWheelTimer.java:114) ~[netty-common-4.1.79.Final.jar:4.1.79.Final]
	at io.netty.util.HashedWheelTimer.<init>(HashedWheelTimer.java:251) ~[netty-common-4.1.79.Final.jar:4.1.79.Final]
	at io.netty.util.HashedWheelTimer.<init>(HashedWheelTimer.java:224) ~[netty-common-4.1.79.Final.jar:4.1.79.Final]
	at io.netty.util.HashedWheelTimer.<init>(HashedWheelTimer.java:203) ~[netty-common-4.1.79.Final.jar:4.1.79.Final]
	at org.asynchttpclient.DefaultAsyncHttpClient.newNettyTimer(DefaultAsyncHttpClient.java:111) ~[async-http-client-2.12.3.jar:?]
	at org.asynchttpclient.DefaultAsyncHttpClient.<init>(DefaultAsyncHttpClient.java:90) ~[async-http-client-2.12.3.jar:?]
	at org.asynchttpclient.Dsl.asyncHttpClient(Dsl.java:32) ~[async-http-client-2.12.3.jar:?]
	at org.openqa.selenium.remote.http.netty.NettyClient.createHttpClient(NettyClient.java:94) ~[selenium-remote-driver-4.5.0.jar:?]
	at org.openqa.selenium.remote.http.netty.NettyClient.<clinit>(NettyClient.java:47) ~[selenium-remote-driver-4.5.0.jar:?]
	at org.openqa.selenium.remote.http.netty.NettyClient$Factory.createClient(NettyClient.java:135) ~[selenium-remote-driver-4.5.0.jar:?]
	at org.openqa.selenium.remote.HttpCommandExecutor.<init>(HttpCommandExecutor.java:107) ~[selenium-remote-driver-4.5.0.jar:?]
	at org.openqa.selenium.remote.HttpCommandExecutor.<init>(HttpCommandExecutor.java:94) ~[selenium-remote-driver-4.5.0.jar:?]
	at org.openqa.selenium.remote.HttpCommandExecutor.<init>(HttpCommandExecutor.java:85) ~[selenium-remote-driver-4.5.0.jar:?]
	at org.openqa.selenium.remote.service.DriverCommandExecutor.<init>(DriverCommandExecutor.java:80) ~[selenium-remote-driver-4.5.0.jar:?]
	at org.openqa.selenium.chromium.ChromiumDriverCommandExecutor.<init>(ChromiumDriverCommandExecutor.java:35) ~[selenium-chromium-driver-4.5.0.jar:?]
	at org.openqa.selenium.chrome.ChromeDriver$ChromeDriverCommandExecutor.<init>(ChromeDriver.java:93) ~[selenium-chrome-driver-4.5.0.jar:?]
	at org.openqa.selenium.chrome.ChromeDriver.<init>(ChromeDriver.java:81) ~[selenium-chrome-driver-4.5.0.jar:?]
	at org.openqa.selenium.chrome.ChromeDriver.<init>(ChromeDriver.java:70) ~[selenium-chrome-driver-4.5.0.jar:?]
	at com.automationproject.demoCICD.TestClass1.launchDriver(TestClass1.java:21) ~[test-classes/:?]
	at jdk.internal.reflect.NativeMethodAccessorImpl.invoke0(Native Method) ~[?:?]
	at jdk.internal.reflect.NativeMethodAccessorImpl.invoke(NativeMethodAccessorImpl.java:77) ~[?:?]
	at jdk.internal.reflect.DelegatingMethodAccessorImpl.invoke(DelegatingMethodAccessorImpl.java:43) ~[?:?]
	at java.lang.reflect.Method.invoke(Method.java:568) ~[?:?]
	at org.testng.internal.invokers.MethodInvocationHelper.invokeMethod(MethodInvocationHelper.java:135) ~[testng-7.5.jar:7.5]
	at org.testng.internal.invokers.MethodInvocationHelper.invokeMethodConsideringTimeout(MethodInvocationHelper.java:65) ~[testng-7.5.jar:7.5]
	at org.testng.internal.invokers.ConfigInvoker.invokeConfigurationMethod(ConfigInvoker.java:381) ~[testng-7.5.jar:7.5]
	at org.testng.internal.invokers.ConfigInvoker.invokeConfigurations(ConfigInvoker.java:319) ~[testng-7.5.jar:7.5]
	at org.testng.internal.invokers.TestInvoker.runConfigMethods(TestInvoker.java:803) ~[testng-7.5.jar:7.5]
	at org.testng.internal.invokers.TestInvoker.invokeMethod(TestInvoker.java:589) ~[testng-7.5.jar:7.5]
	at org.testng.internal.invokers.TestInvoker.invokeTestMethod(TestInvoker.java:220) ~[testng-7.5.jar:7.5]
	at org.testng.internal.invokers.MethodRunner.runInSequence(MethodRunner.java:50) ~[testng-7.5.jar:7.5]
	at org.testng.internal.invokers.TestInvoker$MethodInvocationAgent.invoke(TestInvoker.java:945) ~[testng-7.5.jar:7.5]
	at org.testng.internal.invokers.TestInvoker.invokeTestMethods(TestInvoker.java:193) ~[testng-7.5.jar:7.5]
	at org.testng.internal.invokers.TestMethodWorker.invokeTestMethods(TestMethodWorker.java:146) ~[testng-7.5.jar:7.5]
	at org.testng.internal.invokers.TestMethodWorker.run(TestMethodWorker.java:128) ~[testng-7.5.jar:7.5]
	at java.util.ArrayList.forEach(ArrayList.java:1511) [?:?]
	at org.testng.TestRunner.privateRun(TestRunner.java:808) [testng-7.5.jar:7.5]
	at org.testng.TestRunner.run(TestRunner.java:603) [testng-7.5.jar:7.5]
	at org.testng.SuiteRunner.runTest(SuiteRunner.java:429) [testng-7.5.jar:7.5]
	at org.testng.SuiteRunner.runSequentially(SuiteRunner.java:423) [testng-7.5.jar:7.5]
	at org.testng.SuiteRunner.privateRun(SuiteRunner.java:383) [testng-7.5.jar:7.5]
	at org.testng.SuiteRunner.run(SuiteRunner.java:326) [testng-7.5.jar:7.5]
	at org.testng.SuiteRunnerWorker.runSuite(SuiteRunnerWorker.java:52) [testng-7.5.jar:7.5]
	at org.testng.SuiteRunnerWorker.run(SuiteRunnerWorker.java:95) [testng-7.5.jar:7.5]
	at org.testng.TestNG.runSuitesSequentially(TestNG.java:1249) [testng-7.5.jar:7.5]
	at org.testng.TestNG.runSuitesLocally(TestNG.java:1169) [testng-7.5.jar:7.5]
	at org.testng.TestNG.runSuites(TestNG.java:1092) [testng-7.5.jar:7.5]
	at org.testng.TestNG.run(TestNG.java:1060) [testng-7.5.jar:7.5]
	at org.apache.maven.surefire.testng.TestNGExecutor.run(TestNGExecutor.java:155) [surefire-testng-3.1.0.jar:3.1.0]
	at org.apache.maven.surefire.testng.TestNGDirectoryTestSuite.executeSingleClass(TestNGDirectoryTestSuite.java:102) [surefire-testng-3.1.0.jar:3.1.0]
	at org.apache.maven.surefire.testng.TestNGDirectoryTestSuite.execute(TestNGDirectoryTestSuite.java:91) [surefire-testng-3.1.0.jar:3.1.0]
	at org.apache.maven.surefire.testng.TestNGProvider.invoke(TestNGProvider.java:137) [surefire-testng-3.1.0.jar:3.1.0]
	at org.apache.maven.surefire.booter.ForkedBooter.runSuitesInProcess(ForkedBooter.java:385) [surefire-booter-3.1.0.jar:3.1.0]
	at org.apache.maven.surefire.booter.ForkedBooter.execute(ForkedBooter.java:162) [surefire-booter-3.1.0.jar:3.1.0]
	at org.apache.maven.surefire.booter.ForkedBooter.run(ForkedBooter.java:507) [surefire-booter-3.1.0.jar:3.1.0]
	at org.apache.maven.surefire.booter.ForkedBooter.main(ForkedBooter.java:495) [surefire-booter-3.1.0.jar:3.1.0]
&amp#27;[35m23-10-10 18:16:34:249&amp#27;[m [&amp#27;[34mDEBUG&amp#27;[m] java.nio.DirectByteBuffer.<init>(long, int): unavailable
&amp#27;[35m23-10-10 18:16:34:249&amp#27;[m [&amp#27;[34mDEBUG&amp#27;[m] sun.misc.Unsafe: available
&amp#27;[35m23-10-10 18:16:34:250&amp#27;[m [&amp#27;[34mDEBUG&amp#27;[m] maxDirectMemory: 2109734912 bytes (maybe)
&amp#27;[35m23-10-10 18:16:34:250&amp#27;[m [&amp#27;[34mDEBUG&amp#27;[m] -Dio.netty.tmpdir: C:\Users\owner\AppData\Local\Temp (java.io.tmpdir)
&amp#27;[35m23-10-10 18:16:34:250&amp#27;[m [&amp#27;[34mDEBUG&amp#27;[m] -Dio.netty.bitMode: 64 (sun.arch.data.model)
&amp#27;[35m23-10-10 18:16:34:251&amp#27;[m [&amp#27;[34mDEBUG&amp#27;[m] Platform: Windows
&amp#27;[35m23-10-10 18:16:34:253&amp#27;[m [&amp#27;[34mDEBUG&amp#27;[m] -Dio.netty.maxDirectMemory: -1 bytes
&amp#27;[35m23-10-10 18:16:34:253&amp#27;[m [&amp#27;[34mDEBUG&amp#27;[m] -Dio.netty.uninitializedArrayAllocationThreshold: -1
&amp#27;[35m23-10-10 18:16:34:255&amp#27;[m [&amp#27;[34mDEBUG&amp#27;[m] java.nio.ByteBuffer.cleaner(): available
&amp#27;[35m23-10-10 18:16:34:255&amp#27;[m [&amp#27;[34mDEBUG&amp#27;[m] -Dio.netty.noPreferDirect: false
&amp#27;[35m23-10-10 18:16:34:264&amp#27;[m [&amp#27;[34mDEBUG&amp#27;[m] org.jctools-core.MpscChunkedArrayQueue: available
&amp#27;[35m23-10-10 18:16:34:337&amp#27;[m [&amp#27;[34mDEBUG&amp#27;[m] -Dio.netty.threadLocalMap.stringBuilder.initialSize: 1024
&amp#27;[35m23-10-10 18:16:34:337&amp#27;[m [&amp#27;[34mDEBUG&amp#27;[m] -Dio.netty.threadLocalMap.stringBuilder.maxSize: 4096
&amp#27;[35m23-10-10 18:16:34:649&amp#27;[m [&amp#27;[34mDEBUG&amp#27;[m] Default protocols (JDK): [TLSv1.3, TLSv1.2] 
&amp#27;[35m23-10-10 18:16:34:649&amp#27;[m [&amp#27;[34mDEBUG&amp#27;[m] Default cipher suites (JDK): [TLS_ECDHE_ECDSA_WITH_AES_256_GCM_SHA384, TLS_ECDHE_ECDSA_WITH_AES_128_GCM_SHA256, TLS_ECDHE_RSA_WITH_AES_128_GCM_SHA256, TLS_ECDHE_RSA_WITH_AES_256_GCM_SHA384, TLS_ECDHE_RSA_WITH_AES_128_CBC_SHA, TLS_ECDHE_RSA_WITH_AES_256_CBC_SHA, TLS_RSA_WITH_AES_128_GCM_SHA256, TLS_RSA_WITH_AES_128_CBC_SHA, TLS_RSA_WITH_AES_256_CBC_SHA, TLS_AES_128_GCM_SHA256, TLS_AES_256_GCM_SHA384]
&amp#27;[35m23-10-10 18:16:34:804&amp#27;[m [&amp#27;[34mDEBUG&amp#27;[m] -Dio.netty.eventLoopThreads: 8
&amp#27;[35m23-10-10 18:16:34:839&amp#27;[m [&amp#27;[34mDEBUG&amp#27;[m] -Dio.netty.noKeySetOptimization: false
&amp#27;[35m23-10-10 18:16:34:839&amp#27;[m [&amp#27;[34mDEBUG&amp#27;[m] -Dio.netty.selectorAutoRebuildThreshold: 512
&amp#27;[35m23-10-10 18:16:34:882&amp#27;[m [&amp#27;[30mTRACE&amp#27;[m] instrumented a special java.util.Set into: sun.nio.ch.WEPollSelectorImpl@215a34b4
&amp#27;[35m23-10-10 18:16:34:889&amp#27;[m [&amp#27;[30mTRACE&amp#27;[m] instrumented a special java.util.Set into: sun.nio.ch.WEPollSelectorImpl@6dd91637
&amp#27;[35m23-10-10 18:16:34:894&amp#27;[m [&amp#27;[30mTRACE&amp#27;[m] instrumented a special java.util.Set into: sun.nio.ch.WEPollSelectorImpl@45792847
&amp#27;[35m23-10-10 18:16:34:898&amp#27;[m [&amp#27;[30mTRACE&amp#27;[m] instrumented a special java.util.Set into: sun.nio.ch.WEPollSelectorImpl@706cb08
&amp#27;[35m23-10-10 18:16:34:901&amp#27;[m [&amp#27;[30mTRACE&amp#27;[m] instrumented a special java.util.Set into: sun.nio.ch.WEPollSelectorImpl@4e25147a
&amp#27;[35m23-10-10 18:16:34:905&amp#27;[m [&amp#27;[30mTRACE&amp#27;[m] instrumented a special java.util.Set into: sun.nio.ch.WEPollSelectorImpl@6b68cb27
&amp#27;[35m23-10-10 18:16:34:907&amp#27;[m [&amp#27;[30mTRACE&amp#27;[m] instrumented a special java.util.Set into: sun.nio.ch.WEPollSelectorImpl@675ffd1d
&amp#27;[35m23-10-10 18:16:34:910&amp#27;[m [&amp#27;[30mTRACE&amp#27;[m] instrumented a special java.util.Set into: sun.nio.ch.WEPollSelectorImpl@56303475
&amp#27;[35m23-10-10 18:16:34:980&amp#27;[m [&amp#27;[34mDEBUG&amp#27;[m] -Dio.netty.allocator.numHeapArenas: 8
&amp#27;[35m23-10-10 18:16:34:980&amp#27;[m [&amp#27;[34mDEBUG&amp#27;[m] -Dio.netty.allocator.numDirectArenas: 8
&amp#27;[35m23-10-10 18:16:34:980&amp#27;[m [&amp#27;[34mDEBUG&amp#27;[m] -Dio.netty.allocator.pageSize: 8192
&amp#27;[35m23-10-10 18:16:34:981&amp#27;[m [&amp#27;[34mDEBUG&amp#27;[m] -Dio.netty.allocator.maxOrder: 9
&amp#27;[35m23-10-10 18:16:34:981&amp#27;[m [&amp#27;[34mDEBUG&amp#27;[m] -Dio.netty.allocator.chunkSize: 4194304
&amp#27;[35m23-10-10 18:16:34:981&amp#27;[m [&amp#27;[34mDEBUG&amp#27;[m] -Dio.netty.allocator.smallCacheSize: 256
&amp#27;[35m23-10-10 18:16:34:981&amp#27;[m [&amp#27;[34mDEBUG&amp#27;[m] -Dio.netty.allocator.normalCacheSize: 64
&amp#27;[35m23-10-10 18:16:34:981&amp#27;[m [&amp#27;[34mDEBUG&amp#27;[m] -Dio.netty.allocator.maxCachedBufferCapacity: 32768
&amp#27;[35m23-10-10 18:16:34:981&amp#27;[m [&amp#27;[34mDEBUG&amp#27;[m] -Dio.netty.allocator.cacheTrimInterval: 8192
&amp#27;[35m23-10-10 18:16:34:982&amp#27;[m [&amp#27;[34mDEBUG&amp#27;[m] -Dio.netty.allocator.cacheTrimIntervalMillis: 0
&amp#27;[35m23-10-10 18:16:34:982&amp#27;[m [&amp#27;[34mDEBUG&amp#27;[m] -Dio.netty.allocator.useCacheForAllThreads: false
&amp#27;[35m23-10-10 18:16:34:982&amp#27;[m [&amp#27;[34mDEBUG&amp#27;[m] -Dio.netty.allocator.maxCachedByteBuffersPerChunk: 1023
&amp#27;[35m23-10-10 18:16:35:029&amp#27;[m [&amp#27;[34mDEBUG&amp#27;[m] -Dio.netty.allocator.type: pooled
&amp#27;[35m23-10-10 18:16:35:030&amp#27;[m [&amp#27;[34mDEBUG&amp#27;[m] -Dio.netty.threadLocalDirectBufferSize: 0
&amp#27;[35m23-10-10 18:16:35:031&amp#27;[m [&amp#27;[34mDEBUG&amp#27;[m] -Dio.netty.maxThreadLocalCharBufferSize: 16384
&amp#27;[35m23-10-10 18:16:36:034&amp#27;[m [&amp#27;[34mDEBUG&amp#27;[m] -Dio.netty.processId: 11560 (auto-detected)
&amp#27;[35m23-10-10 18:16:36:060&amp#27;[m [&amp#27;[34mDEBUG&amp#27;[m] -Djava.net.preferIPv4Stack: false
&amp#27;[35m23-10-10 18:16:36:060&amp#27;[m [&amp#27;[34mDEBUG&amp#27;[m] -Djava.net.preferIPv6Addresses: false
&amp#27;[35m23-10-10 18:16:36:090&amp#27;[m [&amp#27;[34mDEBUG&amp#27;[m] Loopback interface: lo (Software Loopback Interface 1, 127.0.0.1)
&amp#27;[35m23-10-10 18:16:36:092&amp#27;[m [&amp#27;[34mDEBUG&amp#27;[m] Failed to get SOMAXCONN from sysctl and file \proc\sys\net\core\somaxconn. Default: 200
&amp#27;[35m23-10-10 18:16:36:144&amp#27;[m [&amp#27;[34mDEBUG&amp#27;[m] -Dio.netty.machineId: 98:e7:f4:ff:fe:61:be:99 (auto-detected)
&amp#27;[35m23-10-10 18:16:36:354&amp#27;[m [&amp#27;[34mDEBUG&amp#27;[m] -Dio.netty.buffer.checkAccessible: true
&amp#27;[35m23-10-10 18:16:36:354&amp#27;[m [&amp#27;[34mDEBUG&amp#27;[m] -Dio.netty.buffer.checkBounds: true
&amp#27;[35m23-10-10 18:16:36:355&amp#27;[m [&amp#27;[34mDEBUG&amp#27;[m] Loaded default ResourceLeakDetector: io.netty.util.ResourceLeakDetector@35133183
&amp#27;[35m23-10-10 18:16:36:408&amp#27;[m [&amp#27;[30mTRACE&amp#27;[m] [id: 0x95a88770] REGISTERED
&amp#27;[35m23-10-10 18:16:36:409&amp#27;[m [&amp#27;[30mTRACE&amp#27;[m] [id: 0x95a88770] CONNECT: localhost/127.0.0.1:60386
&amp#27;[35m23-10-10 18:16:36:427&amp#27;[m [&amp#27;[34mDEBUG&amp#27;[m] Using new Channel '[id: 0x95a88770, L:/127.0.0.1:62349 - R:localhost/127.0.0.1:60386]' for 'POST' to '/session'
&amp#27;[35m23-10-10 18:16:36:505&amp#27;[m [&amp#27;[34mDEBUG&amp#27;[m] -Dio.netty.recycler.maxCapacityPerThread: 4096
&amp#27;[35m23-10-10 18:16:36:506&amp#27;[m [&amp#27;[34mDEBUG&amp#27;[m] -Dio.netty.recycler.ratio: 8
&amp#27;[35m23-10-10 18:16:36:506&amp#27;[m [&amp#27;[34mDEBUG&amp#27;[m] -Dio.netty.recycler.chunkSize: 32
&amp#27;[35m23-10-10 18:16:36:506&amp#27;[m [&amp#27;[34mDEBUG&amp#27;[m] -Dio.netty.recycler.blocking: false
&amp#27;[35m23-10-10 18:16:36:538&amp#27;[m [&amp#27;[30mTRACE&amp#27;[m] [id: 0x95a88770, L:/127.0.0.1:62349 - R:localhost/127.0.0.1:60386] WRITE: 173B
         +-------------------------------------------------+
         |  0  1  2  3  4  5  6  7  8  9  a  b  c  d  e  f |
+--------+-------------------------------------------------+----------------+
|00000000| 50 4f 53 54 20 2f 73 65 73 73 69 6f 6e 20 48 54 |POST /session HT|
|00000010| 54 50 2f 31 2e 31 0d 0a 55 73 65 72 2d 41 67 65 |TP/1.1..User-Age|
|00000020| 6e 74 3a 20 73 65 6c 65 6e 69 75 6d 2f 34 2e 35 |nt: selenium/4.5|
|00000030| 2e 30 20 28 6a 61 76 61 20 77 69 6e 64 6f 77 73 |.0 (java windows|
|00000040| 29 0d 0a 43 6f 6e 74 65 6e 74 2d 4c 65 6e 67 74 |)..Content-Lengt|
|00000050| 68 3a 20 34 33 39 0d 0a 43 6f 6e 74 65 6e 74 2d |h: 439..Content-|
|00000060| 54 79 70 65 3a 20 61 70 70 6c 69 63 61 74 69 6f |Type: applicatio|
|00000070| 6e 2f 6a 73 6f 6e 3b 20 63 68 61 72 73 65 74 3d |n/json; charset=|
|00000080| 75 74 66 2d 38 0d 0a 68 6f 73 74 3a 20 6c 6f 63 |utf-8..host: loc|
|00000090| 61 6c 68 6f 73 74 3a 36 30 33 38 36 0d 0a 61 63 |alhost:60386..ac|
|000000a0| 63 65 70 74 3a 20 2a 2f 2a 0d 0a 0d 0a          |cept: */*....   |
+--------+-------------------------------------------------+----------------+
&amp#27;[35m23-10-10 18:16:36:542&amp#27;[m [&amp#27;[30mTRACE&amp#27;[m] [id: 0x95a88770, L:/127.0.0.1:62349 - R:localhost/127.0.0.1:60386] WRITE: 439B
         +-------------------------------------------------+
         |  0  1  2  3  4  5  6  7  8  9  a  b  c  d  e  f |
+--------+-------------------------------------------------+----------------+
|00000000| 7b 0a 20 20 22 64 65 73 69 72 65 64 43 61 70 61 |{.  "desiredCapa|
|00000010| 62 69 6c 69 74 69 65 73 22 3a 20 7b 0a 20 20 20 |bilities": {.   |
|00000020| 20 22 62 72 6f 77 73 65 72 4e 61 6d 65 22 3a 20 | "browserName": |
|00000030| 22 63 68 72 6f 6d 65 22 2c 0a 20 20 20 20 22 67 |"chrome",.    "g|
|00000040| 6f 6f 67 3a 63 68 72 6f 6d 65 4f 70 74 69 6f 6e |oog:chromeOption|
|00000050| 73 22 3a 20 7b 0a 20 20 20 20 20 20 22 61 72 67 |s": {.      "arg|
|00000060| 73 22 3a 20 5b 0a 20 20 20 20 20 20 20 20 22 2d |s": [.        "-|
|00000070| 2d 72 65 6d 6f 74 65 2d 61 6c 6c 6f 77 2d 6f 72 |-remote-allow-or|
|00000080| 69 67 69 6e 73 3d 2a 22 0a 20 20 20 20 20 20 5d |igins=*".      ]|
|00000090| 2c 0a 20 20 20 20 20 20 22 65 78 74 65 6e 73 69 |,.      "extensi|
|000000a0| 6f 6e 73 22 3a 20 5b 0a 20 20 20 20 20 20 5d 0a |ons": [.      ].|
|000000b0| 20 20 20 20 7d 0a 20 20 7d 2c 0a 20 20 22 63 61 |    }.  },.  "ca|
|000000c0| 70 61 62 69 6c 69 74 69 65 73 22 3a 20 7b 0a 20 |pabilities": {. |
|000000d0| 20 20 20 22 66 69 72 73 74 4d 61 74 63 68 22 3a |   "firstMatch":|
|000000e0| 20 5b 0a 20 20 20 20 20 20 7b 0a 20 20 20 20 20 | [.      {.     |
|000000f0| 20 20 20 22 62 72 6f 77 73 65 72 4e 61 6d 65 22 |   "browserName"|
|00000100| 3a 20 22 63 68 72 6f 6d 65 22 2c 0a 20 20 20 20 |: "chrome",.    |
|00000110| 20 20 20 20 22 67 6f 6f 67 3a 63 68 72 6f 6d 65 |    "goog:chrome|
|00000120| 4f 70 74 69 6f 6e 73 22 3a 20 7b 0a 20 20 20 20 |Options": {.    |
|00000130| 20 20 20 20 20 20 22 61 72 67 73 22 3a 20 5b 0a |      "args": [.|
|00000140| 20 20 20 20 20 20 20 20 20 20 20 20 22 2d 2d 72 |            "--r|
|00000150| 65 6d 6f 74 65 2d 61 6c 6c 6f 77 2d 6f 72 69 67 |emote-allow-orig|
|00000160| 69 6e 73 3d 2a 22 0a 20 20 20 20 20 20 20 20 20 |ins=*".         |
|00000170| 20 5d 2c 0a 20 20 20 20 20 20 20 20 20 20 22 65 | ],.          "e|
|00000180| 78 74 65 6e 73 69 6f 6e 73 22 3a 20 5b 0a 20 20 |xtensions": [.  |
|00000190| 20 20 20 20 20 20 20 20 5d 0a 20 20 20 20 20 20 |        ].      |
|000001a0| 20 20 7d 0a 20 20 20 20 20 20 7d 0a 20 20 20 20 |  }.      }.    |
|000001b0| 5d 0a 20 20 7d 0a 7d                            |].  }.}         |
+--------+-------------------------------------------------+----------------+
&amp#27;[35m23-10-10 18:16:36:543&amp#27;[m [&amp#27;[30mTRACE&amp#27;[m] [id: 0x95a88770, L:/127.0.0.1:62349 - R:localhost/127.0.0.1:60386] FLUSH
&amp#27;[35m23-10-10 18:16:36:564&amp#27;[m [&amp#27;[30mTRACE&amp#27;[m] [id: 0x95a88770, L:/127.0.0.1:62349 - R:localhost/127.0.0.1:60386] WRITE: 0B
&amp#27;[35m23-10-10 18:16:36:564&amp#27;[m [&amp#27;[30mTRACE&amp#27;[m] [id: 0x95a88770, L:/127.0.0.1:62349 - R:localhost/127.0.0.1:60386] FLUSH
&amp#27;[35m23-10-10 18:16:36:565&amp#27;[m [&amp#27;[30mTRACE&amp#27;[m] [id: 0x95a88770, L:/127.0.0.1:62349 - R:localhost/127.0.0.1:60386] ACTIVE
&amp#27;[35m23-10-10 18:16:39:555&amp#27;[m [&amp#27;[30mTRACE&amp#27;[m] [id: 0x95a88770, L:/127.0.0.1:62349 - R:localhost/127.0.0.1:60386] READ: 993B
         +-------------------------------------------------+
         |  0  1  2  3  4  5  6  7  8  9  a  b  c  d  e  f |
+--------+-------------------------------------------------+----------------+
|00000000| 48 54 54 50 2f 31 2e 31 20 32 30 30 20 4f 4b 0d |HTTP/1.1 200 OK.|
|00000010| 0a 43 6f 6e 74 65 6e 74 2d 4c 65 6e 67 74 68 3a |.Content-Length:|
|00000020| 38 38 34 0d 0a 43 6f 6e 74 65 6e 74 2d 54 79 70 |884..Content-Typ|
|00000030| 65 3a 61 70 70 6c 69 63 61 74 69 6f 6e 2f 6a 73 |e:application/js|
|00000040| 6f 6e 3b 20 63 68 61 72 73 65 74 3d 75 74 66 2d |on; charset=utf-|
|00000050| 38 0d 0a 63 61 63 68 65 2d 63 6f 6e 74 72 6f 6c |8..cache-control|
|00000060| 3a 6e 6f 2d 63 61 63 68 65 0d 0a 0d 0a 7b 22 76 |:no-cache....{"v|
|00000070| 61 6c 75 65 22 3a 7b 22 63 61 70 61 62 69 6c 69 |alue":{"capabili|
|00000080| 74 69 65 73 22 3a 7b 22 61 63 63 65 70 74 49 6e |ties":{"acceptIn|
|00000090| 73 65 63 75 72 65 43 65 72 74 73 22 3a 66 61 6c |secureCerts":fal|
|000000a0| 73 65 2c 22 62 72 6f 77 73 65 72 4e 61 6d 65 22 |se,"browserName"|
|000000b0| 3a 22 63 68 72 6f 6d 65 22 2c 22 62 72 6f 77 73 |:"chrome","brows|
|000000c0| 65 72 56 65 72 73 69 6f 6e 22 3a 22 31 31 37 2e |erVersion":"117.|
|000000d0| 30 2e 35 39 33 38 2e 31 33 32 22 2c 22 63 68 72 |0.5938.132","chr|
|000000e0| 6f 6d 65 22 3a 7b 22 63 68 72 6f 6d 65 64 72 69 |ome":{"chromedri|
|000000f0| 76 65 72 56 65 72 73 69 6f 6e 22 3a 22 31 31 37 |verVersion":"117|
|00000100| 2e 30 2e 35 39 33 38 2e 31 34 39 20 28 65 33 33 |.0.5938.149 (e33|
|00000110| 34 34 64 64 65 66 61 31 32 65 36 30 34 33 36 66 |44ddefa12e60436f|
|00000120| 61 32 38 63 38 31 63 66 32 30 37 63 31 61 66 62 |a28c81cf207c1afb|
|00000130| 34 64 30 61 39 2d 72 65 66 73 2f 62 72 61 6e 63 |4d0a9-refs/branc|
|00000140| 68 2d 68 65 61 64 73 2f 35 39 33 38 40 7b 23 31 |h-heads/5938@{#1|
|00000150| 35 33 39 7d 29 22 2c 22 75 73 65 72 44 61 74 61 |539})","userData|
|00000160| 44 69 72 22 3a 22 43 3a 5c 5c 55 73 65 72 73 5c |Dir":"C:\\Users\|
|00000170| 5c 6f 77 6e 65 72 5c 5c 41 70 70 44 61 74 61 5c |\owner\\AppData\|
|00000180| 5c 4c 6f 63 61 6c 5c 5c 54 65 6d 70 5c 5c 73 63 |\Local\\Temp\\sc|
|00000190| 6f 70 65 64 5f 64 69 72 32 31 33 36 34 5f 31 38 |oped_dir21364_18|
|000001a0| 36 39 34 33 37 35 34 34 22 7d 2c 22 66 65 64 63 |69437544"},"fedc|
|000001b0| 6d 3a 61 63 63 6f 75 6e 74 73 22 3a 74 72 75 65 |m:accounts":true|
|000001c0| 2c 22 67 6f 6f 67 3a 63 68 72 6f 6d 65 4f 70 74 |,"goog:chromeOpt|
|000001d0| 69 6f 6e 73 22 3a 7b 22 64 65 62 75 67 67 65 72 |ions":{"debugger|
|000001e0| 41 64 64 72 65 73 73 22 3a 22 6c 6f 63 61 6c 68 |Address":"localh|
|000001f0| 6f 73 74 3a 36 32 33 35 30 22 7d 2c 22 6e 65 74 |ost:62350"},"net|
|00000200| 77 6f 72 6b 43 6f 6e 6e 65 63 74 69 6f 6e 45 6e |workConnectionEn|
|00000210| 61 62 6c 65 64 22 3a 66 61 6c 73 65 2c 22 70 61 |abled":false,"pa|
|00000220| 67 65 4c 6f 61 64 53 74 72 61 74 65 67 79 22 3a |geLoadStrategy":|
|00000230| 22 6e 6f 72 6d 61 6c 22 2c 22 70 6c 61 74 66 6f |"normal","platfo|
|00000240| 72 6d 4e 61 6d 65 22 3a 22 77 69 6e 64 6f 77 73 |rmName":"windows|
|00000250| 22 2c 22 70 72 6f 78 79 22 3a 7b 7d 2c 22 73 65 |","proxy":{},"se|
|00000260| 74 57 69 6e 64 6f 77 52 65 63 74 22 3a 74 72 75 |tWindowRect":tru|
|00000270| 65 2c 22 73 74 72 69 63 74 46 69 6c 65 49 6e 74 |e,"strictFileInt|
|00000280| 65 72 61 63 74 61 62 69 6c 69 74 79 22 3a 66 61 |eractability":fa|
|00000290| 6c 73 65 2c 22 74 69 6d 65 6f 75 74 73 22 3a 7b |lse,"timeouts":{|
|000002a0| 22 69 6d 70 6c 69 63 69 74 22 3a 30 2c 22 70 61 |"implicit":0,"pa|
|000002b0| 67 65 4c 6f 61 64 22 3a 33 30 30 30 30 30 2c 22 |geLoad":300000,"|
|000002c0| 73 63 72 69 70 74 22 3a 33 30 30 30 30 7d 2c 22 |script":30000},"|
|000002d0| 75 6e 68 61 6e 64 6c 65 64 50 72 6f 6d 70 74 42 |unhandledPromptB|
|000002e0| 65 68 61 76 69 6f 72 22 3a 22 64 69 73 6d 69 73 |ehavior":"dismis|
|000002f0| 73 20 61 6e 64 20 6e 6f 74 69 66 79 22 2c 22 77 |s and notify","w|
|00000300| 65 62 61 75 74 68 6e 3a 65 78 74 65 6e 73 69 6f |ebauthn:extensio|
|00000310| 6e 3a 63 72 65 64 42 6c 6f 62 22 3a 74 72 75 65 |n:credBlob":true|
|00000320| 2c 22 77 65 62 61 75 74 68 6e 3a 65 78 74 65 6e |,"webauthn:exten|
|00000330| 73 69 6f 6e 3a 6c 61 72 67 65 42 6c 6f 62 22 3a |sion:largeBlob":|
|00000340| 74 72 75 65 2c 22 77 65 62 61 75 74 68 6e 3a 65 |true,"webauthn:e|
|00000350| 78 74 65 6e 73 69 6f 6e 3a 6d 69 6e 50 69 6e 4c |xtension:minPinL|
|00000360| 65 6e 67 74 68 22 3a 74 72 75 65 2c 22 77 65 62 |ength":true,"web|
|00000370| 61 75 74 68 6e 3a 65 78 74 65 6e 73 69 6f 6e 3a |authn:extension:|
|00000380| 70 72 66 22 3a 74 72 75 65 2c 22 77 65 62 61 75 |prf":true,"webau|
|00000390| 74 68 6e 3a 76 69 72 74 75 61 6c 41 75 74 68 65 |thn:virtualAuthe|
|000003a0| 6e 74 69 63 61 74 6f 72 73 22 3a 74 72 75 65 7d |nticators":true}|
|000003b0| 2c 22 73 65 73 73 69 6f 6e 49 64 22 3a 22 37 66 |,"sessionId":"7f|
|000003c0| 33 63 35 37 33 33 35 66 66 66 65 37 37 65 31 61 |3c57335fffe77e1a|
|000003d0| 30 35 64 30 64 62 65 61 36 38 62 39 37 65 22 7d |05d0dbea68b97e"}|
|000003e0| 7d                                              |}               |
+--------+-------------------------------------------------+----------------+
&amp#27;[35m23-10-10 18:16:39:589&amp#27;[m [&amp#27;[34mDEBUG&amp#27;[m] brotli4j not in the classpath; Brotli support will be unavailable.
&amp#27;[35m23-10-10 18:16:39:660&amp#27;[m [&amp#27;[34mDEBUG&amp#27;[m] 

Request DefaultHttpRequest(decodeResult: success, version: HTTP/1.1)
POST /session HTTP/1.1
User-Agent: selenium/4.5.0 (java windows)
Content-Length: 439
Content-Type: application/json; charset=utf-8
host: localhost:60386
accept: */*

Response DefaultHttpResponse(decodeResult: success, version: HTTP/1.1)
HTTP/1.1 200 OK
Content-Type: application/json; charset=utf-8
cache-control: no-cache
content-length: 884

&amp#27;[35m23-10-10 18:16:39:805&amp#27;[m [&amp#27;[34mDEBUG&amp#27;[m] Adding key: http://localhost:60386 for channel [id: 0x95a88770, L:/127.0.0.1:62349 - R:localhost/127.0.0.1:60386]
&amp#27;[35m23-10-10 18:16:39:808&amp#27;[m [&amp#27;[30mTRACE&amp#27;[m] [id: 0x95a88770, L:/127.0.0.1:62349 - R:localhost/127.0.0.1:60386] READ COMPLETE
&amp#27;[35m23-10-10 18:16:40:070&amp#27;[m [&amp#27;[34mDEBUG&amp#27;[m] Entry count for : http://localhost:60386 : 1
&amp#27;[35m23-10-10 18:16:41:174&amp#27;[m [&amp#27;[34mDEBUG&amp#27;[m] Entry count for : http://localhost:60386 : 1
&amp#27;[35m23-10-10 18:16:41:361&amp#27;[m [&amp#27;[30mTRACE&amp#27;[m] [id: 0x1af4f6b2] REGISTERED
&amp#27;[35m23-10-10 18:16:41:362&amp#27;[m [&amp#27;[30mTRACE&amp#27;[m] [id: 0x1af4f6b2] CONNECT: localhost/127.0.0.1:62350
&amp#27;[35m23-10-10 18:16:41:363&amp#27;[m [&amp#27;[34mDEBUG&amp#27;[m] Using new Channel '[id: 0x1af4f6b2, L:/127.0.0.1:62358 - R:localhost/127.0.0.1:62350]' for 'GET' to '/json/version'
&amp#27;[35m23-10-10 18:16:41:365&amp#27;[m [&amp#27;[30mTRACE&amp#27;[m] [id: 0x1af4f6b2, L:/127.0.0.1:62358 - R:localhost/127.0.0.1:62350] WRITE: 109B
         +-------------------------------------------------+
         |  0  1  2  3  4  5  6  7  8  9  a  b  c  d  e  f |
+--------+-------------------------------------------------+----------------+
|00000000| 47 45 54 20 2f 6a 73 6f 6e 2f 76 65 72 73 69 6f |GET /json/versio|
|00000010| 6e 20 48 54 54 50 2f 31 2e 31 0d 0a 55 73 65 72 |n HTTP/1.1..User|
|00000020| 2d 41 67 65 6e 74 3a 20 73 65 6c 65 6e 69 75 6d |-Agent: selenium|
|00000030| 2f 34 2e 35 2e 30 20 28 6a 61 76 61 20 77 69 6e |/4.5.0 (java win|
|00000040| 64 6f 77 73 29 0d 0a 68 6f 73 74 3a 20 6c 6f 63 |dows)..host: loc|
|00000050| 61 6c 68 6f 73 74 3a 36 32 33 35 30 0d 0a 61 63 |alhost:62350..ac|
|00000060| 63 65 70 74 3a 20 2a 2f 2a 0d 0a 0d 0a          |cept: */*....   |
+--------+-------------------------------------------------+----------------+
&amp#27;[35m23-10-10 18:16:41:366&amp#27;[m [&amp#27;[30mTRACE&amp#27;[m] [id: 0x1af4f6b2, L:/127.0.0.1:62358 - R:localhost/127.0.0.1:62350] FLUSH
&amp#27;[35m23-10-10 18:16:41:368&amp#27;[m [&amp#27;[30mTRACE&amp#27;[m] [id: 0x1af4f6b2, L:/127.0.0.1:62358 - R:localhost/127.0.0.1:62350] ACTIVE
&amp#27;[35m23-10-10 18:16:41:369&amp#27;[m [&amp#27;[30mTRACE&amp#27;[m] [id: 0x1af4f6b2, L:/127.0.0.1:62358 - R:localhost/127.0.0.1:62350] READ: 557B
         +-------------------------------------------------+
         |  0  1  2  3  4  5  6  7  8  9  a  b  c  d  e  f |
+--------+-------------------------------------------------+----------------+
|00000000| 48 54 54 50 2f 31 2e 31 20 32 30 30 20 4f 4b 0d |HTTP/1.1 200 OK.|
|00000010| 0a 43 6f 6e 74 65 6e 74 2d 53 65 63 75 72 69 74 |.Content-Securit|
|00000020| 79 2d 50 6f 6c 69 63 79 3a 66 72 61 6d 65 2d 61 |y-Policy:frame-a|
|00000030| 6e 63 65 73 74 6f 72 73 20 27 6e 6f 6e 65 27 0d |ncestors 'none'.|
|00000040| 0a 43 6f 6e 74 65 6e 74 2d 4c 65 6e 67 74 68 3a |.Content-Length:|
|00000050| 34 32 34 0d 0a 43 6f 6e 74 65 6e 74 2d 54 79 70 |424..Content-Typ|
|00000060| 65 3a 61 70 70 6c 69 63 61 74 69 6f 6e 2f 6a 73 |e:application/js|
|00000070| 6f 6e 3b 20 63 68 61 72 73 65 74 3d 55 54 46 2d |on; charset=UTF-|
|00000080| 38 0d 0a 0d 0a 7b 0d 0a 20 20 20 22 42 72 6f 77 |8....{..   "Brow|
|00000090| 73 65 72 22 3a 20 22 43 68 72 6f 6d 65 2f 31 31 |ser": "Chrome/11|
|000000a0| 37 2e 30 2e 35 39 33 38 2e 31 33 32 22 2c 0d 0a |7.0.5938.132",..|
|000000b0| 20 20 20 22 50 72 6f 74 6f 63 6f 6c 2d 56 65 72 |   "Protocol-Ver|
|000000c0| 73 69 6f 6e 22 3a 20 22 31 2e 33 22 2c 0d 0a 20 |sion": "1.3",.. |
|000000d0| 20 20 22 55 73 65 72 2d 41 67 65 6e 74 22 3a 20 |  "User-Agent": |
|000000e0| 22 4d 6f 7a 69 6c 6c 61 2f 35 2e 30 20 28 57 69 |"Mozilla/5.0 (Wi|
|000000f0| 6e 64 6f 77 73 20 4e 54 20 31 30 2e 30 3b 20 57 |ndows NT 10.0; W|
|00000100| 69 6e 36 34 3b 20 78 36 34 29 20 41 70 70 6c 65 |in64; x64) Apple|
|00000110| 57 65 62 4b 69 74 2f 35 33 37 2e 33 36 20 28 4b |WebKit/537.36 (K|
|00000120| 48 54 4d 4c 2c 20 6c 69 6b 65 20 47 65 63 6b 6f |HTML, like Gecko|
|00000130| 29 20 43 68 72 6f 6d 65 2f 31 31 37 2e 30 2e 30 |) Chrome/117.0.0|
|00000140| 2e 30 20 53 61 66 61 72 69 2f 35 33 37 2e 33 36 |.0 Safari/537.36|
|00000150| 22 2c 0d 0a 20 20 20 22 56 38 2d 56 65 72 73 69 |",..   "V8-Versi|
|00000160| 6f 6e 22 3a 20 22 31 31 2e 37 2e 34 33 39 2e 31 |on": "11.7.439.1|
|00000170| 39 22 2c 0d 0a 20 20 20 22 57 65 62 4b 69 74 2d |9",..   "WebKit-|
|00000180| 56 65 72 73 69 6f 6e 22 3a 20 22 35 33 37 2e 33 |Version": "537.3|
|00000190| 36 20 28 40 66 61 35 36 39 66 62 32 32 36 64 66 |6 (@fa569fb226df|
|000001a0| 33 36 31 64 36 37 36 62 36 30 34 30 34 36 32 33 |361d676b60404623|
|000001b0| 62 31 37 62 31 36 64 64 64 63 38 61 29 22 2c 0d |b17b16dddc8a)",.|
|000001c0| 0a 20 20 20 22 77 65 62 53 6f 63 6b 65 74 44 65 |.   "webSocketDe|
|000001d0| 62 75 67 67 65 72 55 72 6c 22 3a 20 22 77 73 3a |buggerUrl": "ws:|
|000001e0| 2f 2f 6c 6f 63 61 6c 68 6f 73 74 3a 36 32 33 35 |//localhost:6235|
|000001f0| 30 2f 64 65 76 74 6f 6f 6c 73 2f 62 72 6f 77 73 |0/devtools/brows|
|00000200| 65 72 2f 65 36 66 30 36 32 65 66 2d 65 36 36 39 |er/e6f062ef-e669|
|00000210| 2d 34 38 62 66 2d 61 65 36 37 2d 30 38 32 30 39 |-48bf-ae67-08209|
|00000220| 35 36 30 31 35 33 33 22 0d 0a 7d 0d 0a          |5601533"..}..   |
+--------+-------------------------------------------------+----------------+
&amp#27;[35m23-10-10 18:16:41:370&amp#27;[m [&amp#27;[34mDEBUG&amp#27;[m] 

Request DefaultFullHttpRequest(decodeResult: success, version: HTTP/1.1, content: EmptyByteBufBE)
GET /json/version HTTP/1.1
User-Agent: selenium/4.5.0 (java windows)
host: localhost:62350
accept: */*

Response DefaultHttpResponse(decodeResult: success, version: HTTP/1.1)
HTTP/1.1 200 OK
Content-Security-Policy: frame-ancestors 'none'
Content-Type: application/json; charset=UTF-8
content-length: 424

&amp#27;[35m23-10-10 18:16:41:370&amp#27;[m [&amp#27;[34mDEBUG&amp#27;[m] Adding key: http://localhost:62350 for channel [id: 0x1af4f6b2, L:/127.0.0.1:62358 - R:localhost/127.0.0.1:62350]
&amp#27;[35m23-10-10 18:16:41:371&amp#27;[m [&amp#27;[30mTRACE&amp#27;[m] [id: 0x1af4f6b2, L:/127.0.0.1:62358 - R:localhost/127.0.0.1:62350] READ COMPLETE
&amp#27;[35m23-10-10 18:16:41:487&amp#27;[m [&amp#27;[34mDEBUG&amp#27;[m] -Dio.netty.initialSeedUniquifier: 0xa86da55639e5f6f5
&amp#27;[35m23-10-10 18:16:41:492&amp#27;[m [&amp#27;[30mTRACE&amp#27;[m] [id: 0xcadc1747] REGISTERED
&amp#27;[35m23-10-10 18:16:41:493&amp#27;[m [&amp#27;[30mTRACE&amp#27;[m] [id: 0xcadc1747] CONNECT: localhost/127.0.0.1:62350
&amp#27;[35m23-10-10 18:16:41:494&amp#27;[m [&amp#27;[34mDEBUG&amp#27;[m] Using new Channel '[id: 0xcadc1747, L:/127.0.0.1:62360 - R:localhost/127.0.0.1:62350]' for 'GET' to '/devtools/browser/e6f062ef-e669-48bf-ae67-082095601533'
&amp#27;[35m23-10-10 18:16:41:500&amp#27;[m [&amp#27;[30mTRACE&amp#27;[m] [id: 0xcadc1747, L:/127.0.0.1:62360 - R:localhost/127.0.0.1:62350] WRITE: 273B
         +-------------------------------------------------+
         |  0  1  2  3  4  5  6  7  8  9  a  b  c  d  e  f |
+--------+-------------------------------------------------+----------------+
|00000000| 47 45 54 20 2f 64 65 76 74 6f 6f 6c 73 2f 62 72 |GET /devtools/br|
|00000010| 6f 77 73 65 72 2f 65 36 66 30 36 32 65 66 2d 65 |owser/e6f062ef-e|
|00000020| 36 36 39 2d 34 38 62 66 2d 61 65 36 37 2d 30 38 |669-48bf-ae67-08|
|00000030| 32 30 39 35 36 30 31 35 33 33 20 48 54 54 50 2f |2095601533 HTTP/|
|00000040| 31 2e 31 0d 0a 75 70 67 72 61 64 65 3a 20 77 65 |1.1..upgrade: we|
|00000050| 62 73 6f 63 6b 65 74 0d 0a 63 6f 6e 6e 65 63 74 |bsocket..connect|
|00000060| 69 6f 6e 3a 20 75 70 67 72 61 64 65 0d 0a 73 65 |ion: upgrade..se|
|00000070| 63 2d 77 65 62 73 6f 63 6b 65 74 2d 6b 65 79 3a |c-websocket-key:|
|00000080| 20 70 52 43 56 38 44 4c 64 52 57 4a 44 55 37 4b | pRCV8DLdRWJDU7K|
|00000090| 51 71 69 50 6f 2f 67 3d 3d 0d 0a 73 65 63 2d 77 |QqiPo/g==..sec-w|
|000000a0| 65 62 73 6f 63 6b 65 74 2d 76 65 72 73 69 6f 6e |ebsocket-version|
|000000b0| 3a 20 31 33 0d 0a 6f 72 69 67 69 6e 3a 20 68 74 |: 13..origin: ht|
|000000c0| 74 70 3a 2f 2f 6c 6f 63 61 6c 68 6f 73 74 3a 36 |tp://localhost:6|
|000000d0| 32 33 35 30 0d 0a 68 6f 73 74 3a 20 6c 6f 63 61 |2350..host: loca|
|000000e0| 6c 68 6f 73 74 3a 36 32 33 35 30 0d 0a 61 63 63 |lhost:62350..acc|
|000000f0| 65 70 74 3a 20 2a 2f 2a 0d 0a 75 73 65 72 2d 61 |ept: */*..user-a|
|00000100| 67 65 6e 74 3a 20 41 48 43 2f 32 2e 31 0d 0a 0d |gent: AHC/2.1...|
|00000110| 0a                                              |.               |
+--------+-------------------------------------------------+----------------+
&amp#27;[35m23-10-10 18:16:41:500&amp#27;[m [&amp#27;[30mTRACE&amp#27;[m] [id: 0xcadc1747, L:/127.0.0.1:62360 - R:localhost/127.0.0.1:62350] FLUSH
&amp#27;[35m23-10-10 18:16:41:501&amp#27;[m [&amp#27;[30mTRACE&amp#27;[m] [id: 0xcadc1747, L:/127.0.0.1:62360 - R:localhost/127.0.0.1:62350] ACTIVE
&amp#27;[35m23-10-10 18:16:41:502&amp#27;[m [&amp#27;[30mTRACE&amp#27;[m] [id: 0xcadc1747, L:/127.0.0.1:62360 - R:localhost/127.0.0.1:62350] READ: 138B
         +-------------------------------------------------+
         |  0  1  2  3  4  5  6  7  8  9  a  b  c  d  e  f |
+--------+-------------------------------------------------+----------------+
|00000000| 48 54 54 50 2f 31 2e 31 20 31 30 31 20 57 65 62 |HTTP/1.1 101 Web|
|00000010| 53 6f 63 6b 65 74 20 50 72 6f 74 6f 63 6f 6c 20 |Socket Protocol |
|00000020| 48 61 6e 64 73 68 61 6b 65 0d 0a 55 70 67 72 61 |Handshake..Upgra|
|00000030| 64 65 3a 20 57 65 62 53 6f 63 6b 65 74 0d 0a 43 |de: WebSocket..C|
|00000040| 6f 6e 6e 65 63 74 69 6f 6e 3a 20 55 70 67 72 61 |onnection: Upgra|
|00000050| 64 65 0d 0a 53 65 63 2d 57 65 62 53 6f 63 6b 65 |de..Sec-WebSocke|
|00000060| 74 2d 41 63 63 65 70 74 3a 20 36 55 57 6c 39 70 |t-Accept: 6UWl9p|
|00000070| 6b 71 4c 6d 66 58 66 7a 6b 44 4e 68 51 42 51 35 |kqLmfXfzkDNhQBQ5|
|00000080| 4b 2f 6a 59 63 3d 0d 0a 0d 0a                   |K/jYc=....      |
+--------+-------------------------------------------------+----------------+
&amp#27;[35m23-10-10 18:16:41:504&amp#27;[m [&amp#27;[34mDEBUG&amp#27;[m] 

Request DefaultFullHttpRequest(decodeResult: success, version: HTTP/1.1, content: EmptyByteBufBE)
GET /devtools/browser/e6f062ef-e669-48bf-ae67-082095601533 HTTP/1.1
upgrade: websocket
connection: upgrade
sec-websocket-key: pRCV8DLdRWJDU7KQqiPo/g==
sec-websocket-version: 13
origin: http://localhost:62350
host: localhost:62350
accept: */*
user-agent: AHC/2.1

Response DefaultHttpResponse(decodeResult: success, version: HTTP/1.1)
HTTP/1.1 101 WebSocket Protocol Handshake
Upgrade: WebSocket
Connection: Upgrade
Sec-WebSocket-Accept: 6UWl9pkqLmfXfzkDNhQBQ5K/jYc=

&amp#27;[35m23-10-10 18:16:41:984&amp#27;[m [&amp#27;[30mTRACE&amp#27;[m] [id: 0xcadc1747, L:/127.0.0.1:62360 - R:localhost/127.0.0.1:62350] READ COMPLETE
&amp#27;[35m23-10-10 18:16:42:125&amp#27;[m [&amp#27;[34mDEBUG&amp#27;[m] Using pooled Channel '[id: 0x95a88770, L:/127.0.0.1:62349 - R:localhost/127.0.0.1:60386]' for 'POST' to 'http://localhost:60386/session/7f3c57335fffe77e1a05d0dbea68b97e/url'
&amp#27;[35m23-10-10 18:16:42:125&amp#27;[m [&amp#27;[34mDEBUG&amp#27;[m] Using open Channel [id: 0x95a88770, L:/127.0.0.1:62349 - R:localhost/127.0.0.1:60386] for POST '/session/7f3c57335fffe77e1a05d0dbea68b97e/url'
&amp#27;[35m23-10-10 18:16:42:161&amp#27;[m [&amp#27;[30mTRACE&amp#27;[m] [id: 0x95a88770, L:/127.0.0.1:62349 - R:localhost/127.0.0.1:60386] WRITE: 209B
         +-------------------------------------------------+
         |  0  1  2  3  4  5  6  7  8  9  a  b  c  d  e  f |
+--------+-------------------------------------------------+----------------+
|00000000| 50 4f 53 54 20 2f 73 65 73 73 69 6f 6e 2f 37 66 |POST /session/7f|
|00000010| 33 63 35 37 33 33 35 66 66 66 65 37 37 65 31 61 |3c57335fffe77e1a|
|00000020| 30 35 64 30 64 62 65 61 36 38 62 39 37 65 2f 75 |05d0dbea68b97e/u|
|00000030| 72 6c 20 48 54 54 50 2f 31 2e 31 0d 0a 55 73 65 |rl HTTP/1.1..Use|
|00000040| 72 2d 41 67 65 6e 74 3a 20 73 65 6c 65 6e 69 75 |r-Agent: seleniu|
|00000050| 6d 2f 34 2e 35 2e 30 20 28 6a 61 76 61 20 77 69 |m/4.5.0 (java wi|
|00000060| 6e 64 6f 77 73 29 0d 0a 43 6f 6e 74 65 6e 74 2d |ndows)..Content-|
|00000070| 4c 65 6e 67 74 68 3a 20 36 39 0d 0a 43 6f 6e 74 |Length: 69..Cont|
|00000080| 65 6e 74 2d 54 79 70 65 3a 20 61 70 70 6c 69 63 |ent-Type: applic|
|00000090| 61 74 69 6f 6e 2f 6a 73 6f 6e 3b 20 63 68 61 72 |ation/json; char|
|000000a0| 73 65 74 3d 75 74 66 2d 38 0d 0a 68 6f 73 74 3a |set=utf-8..host:|
|000000b0| 20 6c 6f 63 61 6c 68 6f 73 74 3a 36 30 33 38 36 | localhost:60386|
|000000c0| 0d 0a 61 63 63 65 70 74 3a 20 2a 2f 2a 0d 0a 0d |..accept: */*...|
|000000d0| 0a                                              |.               |
+--------+-------------------------------------------------+----------------+
&amp#27;[35m23-10-10 18:16:42:162&amp#27;[m [&amp#27;[30mTRACE&amp#27;[m] [id: 0x95a88770, L:/127.0.0.1:62349 - R:localhost/127.0.0.1:60386] WRITE: 69B
         +-------------------------------------------------+
         |  0  1  2  3  4  5  6  7  8  9  a  b  c  d  e  f |
+--------+-------------------------------------------------+----------------+
|00000000| 7b 0a 20 20 22 75 72 6c 22 3a 20 22 68 74 74 70 |{.  "url": "http|
|00000010| 73 3a 5c 75 30 30 32 66 5c 75 30 30 32 66 6c 6f |s:\u002f\u002flo|
|00000020| 67 69 6e 2e 73 61 6c 65 73 66 6f 72 63 65 2e 63 |gin.salesforce.c|
|00000030| 6f 6d 5c 75 30 30 32 66 3f 6c 6f 63 61 6c 65 3d |om\u002f?locale=|
|00000040| 65 75 22 0a 7d                                  |eu".}           |
+--------+-------------------------------------------------+----------------+
&amp#27;[35m23-10-10 18:16:42:163&amp#27;[m [&amp#27;[30mTRACE&amp#27;[m] [id: 0x95a88770, L:/127.0.0.1:62349 - R:localhost/127.0.0.1:60386] FLUSH
&amp#27;[35m23-10-10 18:16:42:164&amp#27;[m [&amp#27;[30mTRACE&amp#27;[m] [id: 0x95a88770, L:/127.0.0.1:62349 - R:localhost/127.0.0.1:60386] WRITE: 0B
&amp#27;[35m23-10-10 18:16:42:165&amp#27;[m [&amp#27;[30mTRACE&amp#27;[m] [id: 0x95a88770, L:/127.0.0.1:62349 - R:localhost/127.0.0.1:60386] FLUSH
&amp#27;[35m23-10-10 18:16:42:270&amp#27;[m [&amp#27;[34mDEBUG&amp#27;[m] Entry count for : http://localhost:62350 : 1
&amp#27;[35m23-10-10 18:16:42:931&amp#27;[m [&amp#27;[30mTRACE&amp#27;[m] [id: 0x95a88770, L:/127.0.0.1:62349 - R:localhost/127.0.0.1:60386] READ: 122B
         +-------------------------------------------------+
         |  0  1  2  3  4  5  6  7  8  9  a  b  c  d  e  f |
+--------+-------------------------------------------------+----------------+
|00000000| 48 54 54 50 2f 31 2e 31 20 32 30 30 20 4f 4b 0d |HTTP/1.1 200 OK.|
|00000010| 0a 43 6f 6e 74 65 6e 74 2d 4c 65 6e 67 74 68 3a |.Content-Length:|
|00000020| 31 34 0d 0a 43 6f 6e 74 65 6e 74 2d 54 79 70 65 |14..Content-Type|
|00000030| 3a 61 70 70 6c 69 63 61 74 69 6f 6e 2f 6a 73 6f |:application/jso|
|00000040| 6e 3b 20 63 68 61 72 73 65 74 3d 75 74 66 2d 38 |n; charset=utf-8|
|00000050| 0d 0a 63 61 63 68 65 2d 63 6f 6e 74 72 6f 6c 3a |..cache-control:|
|00000060| 6e 6f 2d 63 61 63 68 65 0d 0a 0d 0a 7b 22 76 61 |no-cache....{"va|
|00000070| 6c 75 65 22 3a 6e 75 6c 6c 7d                   |lue":null}      |
+--------+-------------------------------------------------+----------------+
&amp#27;[35m23-10-10 18:16:42:934&amp#27;[m [&amp#27;[34mDEBUG&amp#27;[m] 

Request DefaultHttpRequest(decodeResult: success, version: HTTP/1.1)
POST /session/7f3c57335fffe77e1a05d0dbea68b97e/url HTTP/1.1
User-Agent: selenium/4.5.0 (java windows)
Content-Length: 69
Content-Type: application/json; charset=utf-8
host: localhost:60386
accept: */*

Response DefaultHttpResponse(decodeResult: success, version: HTTP/1.1)
HTTP/1.1 200 OK
Content-Type: application/json; charset=utf-8
cache-control: no-cache
content-length: 14

&amp#27;[35m23-10-10 18:16:42:935&amp#27;[m [&amp#27;[34mDEBUG&amp#27;[m] Adding key: http://localhost:60386 for channel [id: 0x95a88770, L:/127.0.0.1:62349 - R:localhost/127.0.0.1:60386]
&amp#27;[35m23-10-10 18:16:42:936&amp#27;[m [&amp#27;[30mTRACE&amp#27;[m] [id: 0x95a88770, L:/127.0.0.1:62349 - R:localhost/127.0.0.1:60386] READ COMPLETE
&amp#27;[35m23-10-10 18:16:42:945&amp#27;[m [&amp#27;[34mDEBUG&amp#27;[m] Using pooled Channel '[id: 0x95a88770, L:/127.0.0.1:62349 - R:localhost/127.0.0.1:60386]' for 'POST' to 'http://localhost:60386/session/7f3c57335fffe77e1a05d0dbea68b97e/url'
&amp#27;[35m23-10-10 18:16:42:945&amp#27;[m [&amp#27;[34mDEBUG&amp#27;[m] Using open Channel [id: 0x95a88770, L:/127.0.0.1:62349 - R:localhost/127.0.0.1:60386] for POST '/session/7f3c57335fffe77e1a05d0dbea68b97e/url'
&amp#27;[35m23-10-10 18:16:42:947&amp#27;[m [&amp#27;[30mTRACE&amp#27;[m] [id: 0x95a88770, L:/127.0.0.1:62349 - R:localhost/127.0.0.1:60386] WRITE: 209B
         +-------------------------------------------------+
         |  0  1  2  3  4  5  6  7  8  9  a  b  c  d  e  f |
+--------+-------------------------------------------------+----------------+
|00000000| 50 4f 53 54 20 2f 73 65 73 73 69 6f 6e 2f 37 66 |POST /session/7f|
|00000010| 33 63 35 37 33 33 35 66 66 66 65 37 37 65 31 61 |3c57335fffe77e1a|
|00000020| 30 35 64 30 64 62 65 61 36 38 62 39 37 65 2f 75 |05d0dbea68b97e/u|
|00000030| 72 6c 20 48 54 54 50 2f 31 2e 31 0d 0a 55 73 65 |rl HTTP/1.1..Use|
|00000040| 72 2d 41 67 65 6e 74 3a 20 73 65 6c 65 6e 69 75 |r-Agent: seleniu|
|00000050| 6d 2f 34 2e 35 2e 30 20 28 6a 61 76 61 20 77 69 |m/4.5.0 (java wi|
|00000060| 6e 64 6f 77 73 29 0d 0a 43 6f 6e 74 65 6e 74 2d |ndows)..Content-|
|00000070| 4c 65 6e 67 74 68 3a 20 36 39 0d 0a 43 6f 6e 74 |Length: 69..Cont|
|00000080| 65 6e 74 2d 54 79 70 65 3a 20 61 70 70 6c 69 63 |ent-Type: applic|
|00000090| 61 74 69 6f 6e 2f 6a 73 6f 6e 3b 20 63 68 61 72 |ation/json; char|
|000000a0| 73 65 74 3d 75 74 66 2d 38 0d 0a 68 6f 73 74 3a |set=utf-8..host:|
|000000b0| 20 6c 6f 63 61 6c 68 6f 73 74 3a 36 30 33 38 36 | localhost:60386|
|000000c0| 0d 0a 61 63 63 65 70 74 3a 20 2a 2f 2a 0d 0a 0d |..accept: */*...|
|000000d0| 0a                                              |.               |
+--------+-------------------------------------------------+----------------+
&amp#27;[35m23-10-10 18:16:42:948&amp#27;[m [&amp#27;[30mTRACE&amp#27;[m] [id: 0x95a88770, L:/127.0.0.1:62349 - R:localhost/127.0.0.1:60386] WRITE: 69B
         +-------------------------------------------------+
         |  0  1  2  3  4  5  6  7  8  9  a  b  c  d  e  f |
+--------+-------------------------------------------------+----------------+
|00000000| 7b 0a 20 20 22 75 72 6c 22 3a 20 22 68 74 74 70 |{.  "url": "http|
|00000010| 73 3a 5c 75 30 30 32 66 5c 75 30 30 32 66 6c 6f |s:\u002f\u002flo|
|00000020| 67 69 6e 2e 73 61 6c 65 73 66 6f 72 63 65 2e 63 |gin.salesforce.c|
|00000030| 6f 6d 5c 75 30 30 32 66 3f 6c 6f 63 61 6c 65 3d |om\u002f?locale=|
|00000040| 65 75 22 0a 7d                                  |eu".}           |
+--------+-------------------------------------------------+----------------+
&amp#27;[35m23-10-10 18:16:42:948&amp#27;[m [&amp#27;[30mTRACE&amp#27;[m] [id: 0x95a88770, L:/127.0.0.1:62349 - R:localhost/127.0.0.1:60386] FLUSH
&amp#27;[35m23-10-10 18:16:42:954&amp#27;[m [&amp#27;[30mTRACE&amp#27;[m] [id: 0x95a88770, L:/127.0.0.1:62349 - R:localhost/127.0.0.1:60386] WRITE: 0B
&amp#27;[35m23-10-10 18:16:42:955&amp#27;[m [&amp#27;[30mTRACE&amp#27;[m] [id: 0x95a88770, L:/127.0.0.1:62349 - R:localhost/127.0.0.1:60386] FLUSH
&amp#27;[35m23-10-10 18:16:43:356&amp#27;[m [&amp#27;[30mTRACE&amp#27;[m] [id: 0x95a88770, L:/127.0.0.1:62349 - R:localhost/127.0.0.1:60386] READ: 122B
         +-------------------------------------------------+
         |  0  1  2  3  4  5  6  7  8  9  a  b  c  d  e  f |
+--------+-------------------------------------------------+----------------+
|00000000| 48 54 54 50 2f 31 2e 31 20 32 30 30 20 4f 4b 0d |HTTP/1.1 200 OK.|
|00000010| 0a 43 6f 6e 74 65 6e 74 2d 4c 65 6e 67 74 68 3a |.Content-Length:|
|00000020| 31 34 0d 0a 43 6f 6e 74 65 6e 74 2d 54 79 70 65 |14..Content-Type|
|00000030| 3a 61 70 70 6c 69 63 61 74 69 6f 6e 2f 6a 73 6f |:application/jso|
|00000040| 6e 3b 20 63 68 61 72 73 65 74 3d 75 74 66 2d 38 |n; charset=utf-8|
|00000050| 0d 0a 63 61 63 68 65 2d 63 6f 6e 74 72 6f 6c 3a |..cache-control:|
|00000060| 6e 6f 2d 63 61 63 68 65 0d 0a 0d 0a 7b 22 76 61 |no-cache....{"va|
|00000070| 6c 75 65 22 3a 6e 75 6c 6c 7d                   |lue":null}      |
+--------+-------------------------------------------------+----------------+
&amp#27;[35m23-10-10 18:16:43:356&amp#27;[m [&amp#27;[34mDEBUG&amp#27;[m] 

Request DefaultHttpRequest(decodeResult: success, version: HTTP/1.1)
POST /session/7f3c57335fffe77e1a05d0dbea68b97e/url HTTP/1.1
User-Agent: selenium/4.5.0 (java windows)
Content-Length: 69
Content-Type: application/json; charset=utf-8
host: localhost:60386
accept: */*

Response DefaultHttpResponse(decodeResult: success, version: HTTP/1.1)
HTTP/1.1 200 OK
Content-Type: application/json; charset=utf-8
cache-control: no-cache
content-length: 14

&amp#27;[35m23-10-10 18:16:43:357&amp#27;[m [&amp#27;[34mDEBUG&amp#27;[m] Adding key: http://localhost:60386 for channel [id: 0x95a88770, L:/127.0.0.1:62349 - R:localhost/127.0.0.1:60386]
&amp#27;[35m23-10-10 18:16:43:357&amp#27;[m [&amp#27;[30mTRACE&amp#27;[m] [id: 0x95a88770, L:/127.0.0.1:62349 - R:localhost/127.0.0.1:60386] READ COMPLETE
&amp#27;[35m23-10-10 18:16:43:359&amp#27;[m [&amp#27;[34mDEBUG&amp#27;[m] Using pooled Channel '[id: 0x95a88770, L:/127.0.0.1:62349 - R:localhost/127.0.0.1:60386]' for 'GET' to 'http://localhost:60386/session/7f3c57335fffe77e1a05d0dbea68b97e/title'
&amp#27;[35m23-10-10 18:16:43:359&amp#27;[m [&amp#27;[34mDEBUG&amp#27;[m] Using open Channel [id: 0x95a88770, L:/127.0.0.1:62349 - R:localhost/127.0.0.1:60386] for GET '/session/7f3c57335fffe77e1a05d0dbea68b97e/title'
&amp#27;[35m23-10-10 18:16:43:359&amp#27;[m [&amp#27;[30mTRACE&amp#27;[m] [id: 0x95a88770, L:/127.0.0.1:62349 - R:localhost/127.0.0.1:60386] WRITE: 215B
         +-------------------------------------------------+
         |  0  1  2  3  4  5  6  7  8  9  a  b  c  d  e  f |
+--------+-------------------------------------------------+----------------+
|00000000| 47 45 54 20 2f 73 65 73 73 69 6f 6e 2f 37 66 33 |GET /session/7f3|
|00000010| 63 35 37 33 33 35 66 66 66 65 37 37 65 31 61 30 |c57335fffe77e1a0|
|00000020| 35 64 30 64 62 65 61 36 38 62 39 37 65 2f 74 69 |5d0dbea68b97e/ti|
|00000030| 74 6c 65 20 48 54 54 50 2f 31 2e 31 0d 0a 55 73 |tle HTTP/1.1..Us|
|00000040| 65 72 2d 41 67 65 6e 74 3a 20 73 65 6c 65 6e 69 |er-Agent: seleni|
|00000050| 75 6d 2f 34 2e 35 2e 30 20 28 6a 61 76 61 20 77 |um/4.5.0 (java w|
|00000060| 69 6e 64 6f 77 73 29 0d 0a 43 61 63 68 65 2d 43 |indows)..Cache-C|
|00000070| 6f 6e 74 72 6f 6c 3a 20 6e 6f 2d 63 61 63 68 65 |ontrol: no-cache|
|00000080| 0d 0a 43 6f 6e 74 65 6e 74 2d 54 79 70 65 3a 20 |..Content-Type: |
|00000090| 61 70 70 6c 69 63 61 74 69 6f 6e 2f 6a 73 6f 6e |application/json|
|000000a0| 3b 20 63 68 61 72 73 65 74 3d 75 74 66 2d 38 0d |; charset=utf-8.|
|000000b0| 0a 68 6f 73 74 3a 20 6c 6f 63 61 6c 68 6f 73 74 |.host: localhost|
|000000c0| 3a 36 30 33 38 36 0d 0a 61 63 63 65 70 74 3a 20 |:60386..accept: |
|000000d0| 2a 2f 2a 0d 0a 0d 0a                            |*/*....         |
+--------+-------------------------------------------------+----------------+
&amp#27;[35m23-10-10 18:16:43:359&amp#27;[m [&amp#27;[30mTRACE&amp#27;[m] [id: 0x95a88770, L:/127.0.0.1:62349 - R:localhost/127.0.0.1:60386] FLUSH
&amp#27;[35m23-10-10 18:16:43:364&amp#27;[m [&amp#27;[30mTRACE&amp#27;[m] [id: 0x95a88770, L:/127.0.0.1:62349 - R:localhost/127.0.0.1:60386] READ: 138B
         +-------------------------------------------------+
         |  0  1  2  3  4  5  6  7  8  9  a  b  c  d  e  f |
+--------+-------------------------------------------------+----------------+
|00000000| 48 54 54 50 2f 31 2e 31 20 32 30 30 20 4f 4b 0d |HTTP/1.1 200 OK.|
|00000010| 0a 43 6f 6e 74 65 6e 74 2d 4c 65 6e 67 74 68 3a |.Content-Length:|
|00000020| 33 30 0d 0a 43 6f 6e 74 65 6e 74 2d 54 79 70 65 |30..Content-Type|
|00000030| 3a 61 70 70 6c 69 63 61 74 69 6f 6e 2f 6a 73 6f |:application/jso|
|00000040| 6e 3b 20 63 68 61 72 73 65 74 3d 75 74 66 2d 38 |n; charset=utf-8|
|00000050| 0d 0a 63 61 63 68 65 2d 63 6f 6e 74 72 6f 6c 3a |..cache-control:|
|00000060| 6e 6f 2d 63 61 63 68 65 0d 0a 0d 0a 7b 22 76 61 |no-cache....{"va|
|00000070| 6c 75 65 22 3a 22 4c 6f 67 69 6e 20 7c 20 53 61 |lue":"Login | Sa|
|00000080| 6c 65 73 66 6f 72 63 65 22 7d                   |lesforce"}      |
+--------+-------------------------------------------------+----------------+
&amp#27;[35m23-10-10 18:16:43:365&amp#27;[m [&amp#27;[34mDEBUG&amp#27;[m] 

Request DefaultFullHttpRequest(decodeResult: success, version: HTTP/1.1, content: EmptyByteBufBE)
GET /session/7f3c57335fffe77e1a05d0dbea68b97e/title HTTP/1.1
User-Agent: selenium/4.5.0 (java windows)
Cache-Control: no-cache
Content-Type: application/json; charset=utf-8
host: localhost:60386
accept: */*

Response DefaultHttpResponse(decodeResult: success, version: HTTP/1.1)
HTTP/1.1 200 OK
Content-Type: application/json; charset=utf-8
cache-control: no-cache
content-length: 30

&amp#27;[35m23-10-10 18:16:43:365&amp#27;[m [&amp#27;[34mDEBUG&amp#27;[m] Adding key: http://localhost:60386 for channel [id: 0x95a88770, L:/127.0.0.1:62349 - R:localhost/127.0.0.1:60386]
&amp#27;[35m23-10-10 18:16:43:365&amp#27;[m [&amp#27;[30mTRACE&amp#27;[m] [id: 0x95a88770, L:/127.0.0.1:62349 - R:localhost/127.0.0.1:60386] READ COMPLETE
Test Case Title 1 is - Login | Salesforce
]]></system-out>
    <system-err><![CDATA[Starting ChromeDriver 117.0.5938.149 (e3344ddefa12e60436fa28c81cf207c1afb4d0a9-refs/branch-heads/5938@{#1539}) on port 60386
Only local connections are allowed.
Please see https://chromedriver.chromium.org/security-considerations for suggestions on keeping ChromeDriver safe.
ChromeDriver was started successfully.
Oct 10, 2023 6:16:41 PM org.openqa.selenium.remote.ProtocolHandshake createSession
INFO: Detected upstream dialect: W3C
Oct 10, 2023 6:16:42 PM org.openqa.selenium.devtools.CdpVersionFinder findNearestMatch
WARNING: Unable to find an exact match for CDP version 117, so returning the closest version found: a no-op implementation
Oct 10, 2023 6:16:42 PM org.openqa.selenium.devtools.CdpVersionFinder findNearestMatch
INFO: Unable to find CDP implementation matching 117.
Oct 10, 2023 6:16:42 PM org.openqa.selenium.chromium.ChromiumDriver lambda$new$3
WARNING: Unable to find version of CDP to use for . You may need to include a dependency on a specific version of the CDP using something similar to `org.seleniumhq.selenium:selenium-devtools-v86:4.5.0` where the version ("v86") matches the version of the chromium-based browser you're using and the version number of the artifact is the same as Selenium's.
]]></system-err>
  </testcase>
  <testcase name="Test2" classname="com.automationproject.demoCICD.TestClass1" time="0.292">
    <system-out><![CDATA[&amp#27;[35m23-10-10 18:16:43:372&amp#27;[m [&amp#27;[34mDEBUG&amp#27;[m] Entry count for : http://localhost:60386 : 1
&amp#27;[35m23-10-10 18:16:43:373&amp#27;[m [&amp#27;[34mDEBUG&amp#27;[m] Entry count for : http://localhost:62350 : 1
&amp#27;[35m23-10-10 18:16:43:515&amp#27;[m [&amp#27;[34mDEBUG&amp#27;[m] Using pooled Channel '[id: 0x95a88770, L:/127.0.0.1:62349 - R:localhost/127.0.0.1:60386]' for 'DELETE' to 'http://localhost:60386/session/7f3c57335fffe77e1a05d0dbea68b97e'
&amp#27;[35m23-10-10 18:16:43:515&amp#27;[m [&amp#27;[34mDEBUG&amp#27;[m] Using open Channel [id: 0x95a88770, L:/127.0.0.1:62349 - R:localhost/127.0.0.1:60386] for DELETE '/session/7f3c57335fffe77e1a05d0dbea68b97e'
&amp#27;[35m23-10-10 18:16:43:518&amp#27;[m [&amp#27;[30mTRACE&amp#27;[m] [id: 0x95a88770, L:/127.0.0.1:62349 - R:localhost/127.0.0.1:60386] WRITE: 187B
         +-------------------------------------------------+
         |  0  1  2  3  4  5  6  7  8  9  a  b  c  d  e  f |
+--------+-------------------------------------------------+----------------+
|00000000| 44 45 4c 45 54 45 20 2f 73 65 73 73 69 6f 6e 2f |DELETE /session/|
|00000010| 37 66 33 63 35 37 33 33 35 66 66 66 65 37 37 65 |7f3c57335fffe77e|
|00000020| 31 61 30 35 64 30 64 62 65 61 36 38 62 39 37 65 |1a05d0dbea68b97e|
|00000030| 20 48 54 54 50 2f 31 2e 31 0d 0a 55 73 65 72 2d | HTTP/1.1..User-|
|00000040| 41 67 65 6e 74 3a 20 73 65 6c 65 6e 69 75 6d 2f |Agent: selenium/|
|00000050| 34 2e 35 2e 30 20 28 6a 61 76 61 20 77 69 6e 64 |4.5.0 (java wind|
|00000060| 6f 77 73 29 0d 0a 43 6f 6e 74 65 6e 74 2d 54 79 |ows)..Content-Ty|
|00000070| 70 65 3a 20 61 70 70 6c 69 63 61 74 69 6f 6e 2f |pe: application/|
|00000080| 6a 73 6f 6e 3b 20 63 68 61 72 73 65 74 3d 75 74 |json; charset=ut|
|00000090| 66 2d 38 0d 0a 68 6f 73 74 3a 20 6c 6f 63 61 6c |f-8..host: local|
|000000a0| 68 6f 73 74 3a 36 30 33 38 36 0d 0a 61 63 63 65 |host:60386..acce|
|000000b0| 70 74 3a 20 2a 2f 2a 0d 0a 0d 0a                |pt: */*....     |
+--------+-------------------------------------------------+----------------+
&amp#27;[35m23-10-10 18:16:43:518&amp#27;[m [&amp#27;[30mTRACE&amp#27;[m] [id: 0x95a88770, L:/127.0.0.1:62349 - R:localhost/127.0.0.1:60386] FLUSH
&amp#27;[35m23-10-10 18:16:43:671&amp#27;[m [&amp#27;[30mTRACE&amp#27;[m] Encoding WebSocket Frame opCode=8 length=26
&amp#27;[35m23-10-10 18:16:43:674&amp#27;[m [&amp#27;[30mTRACE&amp#27;[m] [id: 0xcadc1747, L:/127.0.0.1:62360 - R:localhost/127.0.0.1:62350] WRITE: 32B
         +-------------------------------------------------+
         |  0  1  2  3  4  5  6  7  8  9  a  b  c  d  e  f |
+--------+-------------------------------------------------+----------------+
|00000000| 88 9a 51 4e 95 3b 52 a6 c2 5e 33 0a e7 52 27 2b |..QN.;R..^3..R'+|
|00000010| e7 1b 32 22 fa 48 38 20 f2 1b 22 21 f6 50 34 3a |..2".H8 .."!.P4:|
+--------+-------------------------------------------------+----------------+
&amp#27;[35m23-10-10 18:16:43:676&amp#27;[m [&amp#27;[30mTRACE&amp#27;[m] [id: 0xcadc1747, L:/127.0.0.1:62360 - R:localhost/127.0.0.1:62350] FLUSH
&amp#27;[35m23-10-10 18:16:43:734&amp#27;[m [&amp#27;[30mTRACE&amp#27;[m] [id: 0x95a88770, L:/127.0.0.1:62349 - R:localhost/127.0.0.1:60386] READ: 122B
         +-------------------------------------------------+
         |  0  1  2  3  4  5  6  7  8  9  a  b  c  d  e  f |
+--------+-------------------------------------------------+----------------+
|00000000| 48 54 54 50 2f 31 2e 31 20 32 30 30 20 4f 4b 0d |HTTP/1.1 200 OK.|
|00000010| 0a 43 6f 6e 74 65 6e 74 2d 4c 65 6e 67 74 68 3a |.Content-Length:|
|00000020| 31 34 0d 0a 43 6f 6e 74 65 6e 74 2d 54 79 70 65 |14..Content-Type|
|00000030| 3a 61 70 70 6c 69 63 61 74 69 6f 6e 2f 6a 73 6f |:application/jso|
|00000040| 6e 3b 20 63 68 61 72 73 65 74 3d 75 74 66 2d 38 |n; charset=utf-8|
|00000050| 0d 0a 63 61 63 68 65 2d 63 6f 6e 74 72 6f 6c 3a |..cache-control:|
|00000060| 6e 6f 2d 63 61 63 68 65 0d 0a 0d 0a 7b 22 76 61 |no-cache....{"va|
|00000070| 6c 75 65 22 3a 6e 75 6c 6c 7d                   |lue":null}      |
+--------+-------------------------------------------------+----------------+
&amp#27;[35m23-10-10 18:16:43:734&amp#27;[m [&amp#27;[34mDEBUG&amp#27;[m] 

Request DefaultFullHttpRequest(decodeResult: success, version: HTTP/1.1, content: EmptyByteBufBE)
DELETE /session/7f3c57335fffe77e1a05d0dbea68b97e HTTP/1.1
User-Agent: selenium/4.5.0 (java windows)
Content-Type: application/json; charset=utf-8
host: localhost:60386
accept: */*

Response DefaultHttpResponse(decodeResult: success, version: HTTP/1.1)
HTTP/1.1 200 OK
Content-Type: application/json; charset=utf-8
cache-control: no-cache
content-length: 14

&amp#27;[35m23-10-10 18:16:43:735&amp#27;[m [&amp#27;[34mDEBUG&amp#27;[m] Adding key: http://localhost:60386 for channel [id: 0x95a88770, L:/127.0.0.1:62349 - R:localhost/127.0.0.1:60386]
&amp#27;[35m23-10-10 18:16:43:735&amp#27;[m [&amp#27;[30mTRACE&amp#27;[m] [id: 0x95a88770, L:/127.0.0.1:62349 - R:localhost/127.0.0.1:60386] READ COMPLETE
&amp#27;[35m23-10-10 18:16:43:765&amp#27;[m [&amp#27;[30mTRACE&amp#27;[m] [id: 0xcadc1747, L:/127.0.0.1:62360 - R:localhost/127.0.0.1:62350] READ COMPLETE
&amp#27;[35m23-10-10 18:16:43:765&amp#27;[m [&amp#27;[30mTRACE&amp#27;[m] [id: 0x1af4f6b2, L:/127.0.0.1:62358 - R:localhost/127.0.0.1:62350] READ COMPLETE
&amp#27;[35m23-10-10 18:16:43:766&amp#27;[m [&amp#27;[30mTRACE&amp#27;[m] [id: 0x1af4f6b2, L:/127.0.0.1:62358 - R:localhost/127.0.0.1:62350] EXCEPTION: java.net.SocketException: Connection reset
java.net.SocketException: Connection reset
	at sun.nio.ch.SocketChannelImpl.throwConnectionReset(SocketChannelImpl.java:394) ~[?:?]
	at sun.nio.ch.SocketChannelImpl.read(SocketChannelImpl.java:426) ~[?:?]
	at io.netty.buffer.PooledByteBuf.setBytes(PooledByteBuf.java:258) ~[netty-buffer-4.1.79.Final.jar:4.1.79.Final]
	at io.netty.buffer.AbstractByteBuf.writeBytes(AbstractByteBuf.java:1132) ~[netty-buffer-4.1.79.Final.jar:4.1.79.Final]
	at io.netty.channel.socket.nio.NioSocketChannel.doReadBytes(NioSocketChannel.java:357) ~[netty-transport-4.1.79.Final.jar:4.1.79.Final]
	at io.netty.channel.nio.AbstractNioByteChannel$NioByteUnsafe.read(AbstractNioByteChannel.java:151) [netty-transport-4.1.79.Final.jar:4.1.79.Final]
	at io.netty.channel.nio.NioEventLoop.processSelectedKey(NioEventLoop.java:722) [netty-transport-4.1.79.Final.jar:4.1.79.Final]
	at io.netty.channel.nio.NioEventLoop.processSelectedKeysOptimized(NioEventLoop.java:658) [netty-transport-4.1.79.Final.jar:4.1.79.Final]
	at io.netty.channel.nio.NioEventLoop.processSelectedKeys(NioEventLoop.java:584) [netty-transport-4.1.79.Final.jar:4.1.79.Final]
	at io.netty.channel.nio.NioEventLoop.run(NioEventLoop.java:496) [netty-transport-4.1.79.Final.jar:4.1.79.Final]
	at io.netty.util.concurrent.SingleThreadEventExecutor$4.run(SingleThreadEventExecutor.java:997) [netty-common-4.1.79.Final.jar:4.1.79.Final]
	at io.netty.util.internal.ThreadExecutorMap$2.run(ThreadExecutorMap.java:74) [netty-common-4.1.79.Final.jar:4.1.79.Final]
	at io.netty.util.concurrent.FastThreadLocalRunnable.run(FastThreadLocalRunnable.java:30) [netty-common-4.1.79.Final.jar:4.1.79.Final]
	at java.lang.Thread.run(Thread.java:833) [?:?]
&amp#27;[35m23-10-10 18:16:43:766&amp#27;[m [&amp#27;[30mTRACE&amp#27;[m] [id: 0xcadc1747, L:/127.0.0.1:62360 - R:localhost/127.0.0.1:62350] EXCEPTION: java.net.SocketException: Connection reset
java.net.SocketException: Connection reset
	at sun.nio.ch.SocketChannelImpl.throwConnectionReset(SocketChannelImpl.java:394) ~[?:?]
	at sun.nio.ch.SocketChannelImpl.read(SocketChannelImpl.java:426) ~[?:?]
	at io.netty.buffer.PooledByteBuf.setBytes(PooledByteBuf.java:258) ~[netty-buffer-4.1.79.Final.jar:4.1.79.Final]
	at io.netty.buffer.AbstractByteBuf.writeBytes(AbstractByteBuf.java:1132) ~[netty-buffer-4.1.79.Final.jar:4.1.79.Final]
	at io.netty.channel.socket.nio.NioSocketChannel.doReadBytes(NioSocketChannel.java:357) ~[netty-transport-4.1.79.Final.jar:4.1.79.Final]
	at io.netty.channel.nio.AbstractNioByteChannel$NioByteUnsafe.read(AbstractNioByteChannel.java:151) [netty-transport-4.1.79.Final.jar:4.1.79.Final]
	at io.netty.channel.nio.NioEventLoop.processSelectedKey(NioEventLoop.java:722) [netty-transport-4.1.79.Final.jar:4.1.79.Final]
	at io.netty.channel.nio.NioEventLoop.processSelectedKeysOptimized(NioEventLoop.java:658) [netty-transport-4.1.79.Final.jar:4.1.79.Final]
	at io.netty.channel.nio.NioEventLoop.processSelectedKeys(NioEventLoop.java:584) [netty-transport-4.1.79.Final.jar:4.1.79.Final]
	at io.netty.channel.nio.NioEventLoop.run(NioEventLoop.java:496) [netty-transport-4.1.79.Final.jar:4.1.79.Final]
	at io.netty.util.concurrent.SingleThreadEventExecutor$4.run(SingleThreadEventExecutor.java:997) [netty-common-4.1.79.Final.jar:4.1.79.Final]
	at io.netty.util.internal.ThreadExecutorMap$2.run(ThreadExecutorMap.java:74) [netty-common-4.1.79.Final.jar:4.1.79.Final]
	at io.netty.util.concurrent.FastThreadLocalRunnable.run(FastThreadLocalRunnable.java:30) [netty-common-4.1.79.Final.jar:4.1.79.Final]
	at java.lang.Thread.run(Thread.java:833) [?:?]
&amp#27;[35m23-10-10 18:16:43:767&amp#27;[m [&amp#27;[34mDEBUG&amp#27;[m] Unexpected I/O exception on channel [id: 0xcadc1747, L:/127.0.0.1:62360 - R:localhost/127.0.0.1:62350]
java.net.SocketException: Connection reset
	at sun.nio.ch.SocketChannelImpl.throwConnectionReset(SocketChannelImpl.java:394) ~[?:?]
	at sun.nio.ch.SocketChannelImpl.read(SocketChannelImpl.java:426) ~[?:?]
	at io.netty.buffer.PooledByteBuf.setBytes(PooledByteBuf.java:258) ~[netty-buffer-4.1.79.Final.jar:4.1.79.Final]
	at io.netty.buffer.AbstractByteBuf.writeBytes(AbstractByteBuf.java:1132) ~[netty-buffer-4.1.79.Final.jar:4.1.79.Final]
	at io.netty.channel.socket.nio.NioSocketChannel.doReadBytes(NioSocketChannel.java:357) ~[netty-transport-4.1.79.Final.jar:4.1.79.Final]
	at io.netty.channel.nio.AbstractNioByteChannel$NioByteUnsafe.read(AbstractNioByteChannel.java:151) [netty-transport-4.1.79.Final.jar:4.1.79.Final]
	at io.netty.channel.nio.NioEventLoop.processSelectedKey(NioEventLoop.java:722) [netty-transport-4.1.79.Final.jar:4.1.79.Final]
	at io.netty.channel.nio.NioEventLoop.processSelectedKeysOptimized(NioEventLoop.java:658) [netty-transport-4.1.79.Final.jar:4.1.79.Final]
	at io.netty.channel.nio.NioEventLoop.processSelectedKeys(NioEventLoop.java:584) [netty-transport-4.1.79.Final.jar:4.1.79.Final]
	at io.netty.channel.nio.NioEventLoop.run(NioEventLoop.java:496) [netty-transport-4.1.79.Final.jar:4.1.79.Final]
	at io.netty.util.concurrent.SingleThreadEventExecutor$4.run(SingleThreadEventExecutor.java:997) [netty-common-4.1.79.Final.jar:4.1.79.Final]
	at io.netty.util.internal.ThreadExecutorMap$2.run(ThreadExecutorMap.java:74) [netty-common-4.1.79.Final.jar:4.1.79.Final]
	at io.netty.util.concurrent.FastThreadLocalRunnable.run(FastThreadLocalRunnable.java:30) [netty-common-4.1.79.Final.jar:4.1.79.Final]
	at java.lang.Thread.run(Thread.java:833) [?:?]
&amp#27;[35m23-10-10 18:16:43:767&amp#27;[m [&amp#27;[34mDEBUG&amp#27;[m] Unexpected I/O exception on channel [id: 0x1af4f6b2, L:/127.0.0.1:62358 - R:localhost/127.0.0.1:62350]
java.net.SocketException: Connection reset
	at sun.nio.ch.SocketChannelImpl.throwConnectionReset(SocketChannelImpl.java:394) ~[?:?]
	at sun.nio.ch.SocketChannelImpl.read(SocketChannelImpl.java:426) ~[?:?]
	at io.netty.buffer.PooledByteBuf.setBytes(PooledByteBuf.java:258) ~[netty-buffer-4.1.79.Final.jar:4.1.79.Final]
	at io.netty.buffer.AbstractByteBuf.writeBytes(AbstractByteBuf.java:1132) ~[netty-buffer-4.1.79.Final.jar:4.1.79.Final]
	at io.netty.channel.socket.nio.NioSocketChannel.doReadBytes(NioSocketChannel.java:357) ~[netty-transport-4.1.79.Final.jar:4.1.79.Final]
	at io.netty.channel.nio.AbstractNioByteChannel$NioByteUnsafe.read(AbstractNioByteChannel.java:151) [netty-transport-4.1.79.Final.jar:4.1.79.Final]
	at io.netty.channel.nio.NioEventLoop.processSelectedKey(NioEventLoop.java:722) [netty-transport-4.1.79.Final.jar:4.1.79.Final]
	at io.netty.channel.nio.NioEventLoop.processSelectedKeysOptimized(NioEventLoop.java:658) [netty-transport-4.1.79.Final.jar:4.1.79.Final]
	at io.netty.channel.nio.NioEventLoop.processSelectedKeys(NioEventLoop.java:584) [netty-transport-4.1.79.Final.jar:4.1.79.Final]
	at io.netty.channel.nio.NioEventLoop.run(NioEventLoop.java:496) [netty-transport-4.1.79.Final.jar:4.1.79.Final]
	at io.netty.util.concurrent.SingleThreadEventExecutor$4.run(SingleThreadEventExecutor.java:997) [netty-common-4.1.79.Final.jar:4.1.79.Final]
	at io.netty.util.internal.ThreadExecutorMap$2.run(ThreadExecutorMap.java:74) [netty-common-4.1.79.Final.jar:4.1.79.Final]
	at io.netty.util.concurrent.FastThreadLocalRunnable.run(FastThreadLocalRunnable.java:30) [netty-common-4.1.79.Final.jar:4.1.79.Final]
	at java.lang.Thread.run(Thread.java:833) [?:?]
&amp#27;[35m23-10-10 18:16:43:768&amp#27;[m [&amp#27;[34mDEBUG&amp#27;[m] Closing Channel [id: 0x1af4f6b2, L:/127.0.0.1:62358 - R:localhost/127.0.0.1:62350] 
&amp#27;[35m23-10-10 18:16:43:768&amp#27;[m [&amp#27;[30mTRACE&amp#27;[m] [id: 0x1af4f6b2, L:/127.0.0.1:62358 - R:localhost/127.0.0.1:62350] CLOSE
&amp#27;[35m23-10-10 18:16:43:807&amp#27;[m [&amp#27;[34mDEBUG&amp#27;[m] Was unable to recover Future: NettyResponseFuture{currentRetry=0,
	isDone=1,
	isCancelled=0,
	asyncHandler=org.asynchttpclient.ws.WebSocketUpgradeHandler@31f36242,
	nettyRequest=org.asynchttpclient.netty.request.NettyRequest@433c5ab6,
	future=java.util.concurrent.CompletableFuture@5b0ba165[Completed normally],
	uri=ws://localhost:62350/devtools/browser/e6f062ef-e669-48bf-ae67-082095601533,
	keepAlive=true,
	redirectCount=0,
	timeoutsHolder=null,
	inAuth=0,
	touch=1696958203768}
&amp#27;[35m23-10-10 18:16:43:808&amp#27;[m [&amp#27;[34mDEBUG&amp#27;[m] Closing Channel [id: 0xcadc1747, L:/127.0.0.1:62360 - R:localhost/127.0.0.1:62350] 
&amp#27;[35m23-10-10 18:16:43:809&amp#27;[m [&amp#27;[30mTRACE&amp#27;[m] [id: 0xcadc1747, L:/127.0.0.1:62360 - R:localhost/127.0.0.1:62350] CLOSE
&amp#27;[35m23-10-10 18:16:43:808&amp#27;[m [&amp#27;[30mTRACE&amp#27;[m] [id: 0x1af4f6b2, L:/127.0.0.1:62358 ! R:localhost/127.0.0.1:62350] USER_EVENT: io.netty.channel.socket.ChannelInputShutdownReadComplete@7e024367
&amp#27;[35m23-10-10 18:16:43:815&amp#27;[m [&amp#27;[33mWARN&amp#27;[m] onError
java.net.SocketException: Connection reset
	at sun.nio.ch.SocketChannelImpl.throwConnectionReset(SocketChannelImpl.java:394) ~[?:?]
	at sun.nio.ch.SocketChannelImpl.read(SocketChannelImpl.java:426) ~[?:?]
	at io.netty.buffer.PooledByteBuf.setBytes(PooledByteBuf.java:258) ~[netty-buffer-4.1.79.Final.jar:4.1.79.Final]
	at io.netty.buffer.AbstractByteBuf.writeBytes(AbstractByteBuf.java:1132) ~[netty-buffer-4.1.79.Final.jar:4.1.79.Final]
	at io.netty.channel.socket.nio.NioSocketChannel.doReadBytes(NioSocketChannel.java:357) ~[netty-transport-4.1.79.Final.jar:4.1.79.Final]
	at io.netty.channel.nio.AbstractNioByteChannel$NioByteUnsafe.read(AbstractNioByteChannel.java:151) [netty-transport-4.1.79.Final.jar:4.1.79.Final]
	at io.netty.channel.nio.NioEventLoop.processSelectedKey(NioEventLoop.java:722) [netty-transport-4.1.79.Final.jar:4.1.79.Final]
	at io.netty.channel.nio.NioEventLoop.processSelectedKeysOptimized(NioEventLoop.java:658) [netty-transport-4.1.79.Final.jar:4.1.79.Final]
	at io.netty.channel.nio.NioEventLoop.processSelectedKeys(NioEventLoop.java:584) [netty-transport-4.1.79.Final.jar:4.1.79.Final]
	at io.netty.channel.nio.NioEventLoop.run(NioEventLoop.java:496) [netty-transport-4.1.79.Final.jar:4.1.79.Final]
	at io.netty.util.concurrent.SingleThreadEventExecutor$4.run(SingleThreadEventExecutor.java:997) [netty-common-4.1.79.Final.jar:4.1.79.Final]
	at io.netty.util.internal.ThreadExecutorMap$2.run(ThreadExecutorMap.java:74) [netty-common-4.1.79.Final.jar:4.1.79.Final]
	at io.netty.util.concurrent.FastThreadLocalRunnable.run(FastThreadLocalRunnable.java:30) [netty-common-4.1.79.Final.jar:4.1.79.Final]
	at java.lang.Thread.run(Thread.java:833) [?:?]
&amp#27;[35m23-10-10 18:16:43:819&amp#27;[m [&amp#27;[30mTRACE&amp#27;[m] [id: 0x1af4f6b2, L:/127.0.0.1:62358 ! R:localhost/127.0.0.1:62350] INACTIVE
&amp#27;[35m23-10-10 18:16:43:820&amp#27;[m [&amp#27;[34mDEBUG&amp#27;[m] Channel Closed: [id: 0x1af4f6b2, L:/127.0.0.1:62358 ! R:localhost/127.0.0.1:62350] with attribute DISCARD
&amp#27;[35m23-10-10 18:16:43:821&amp#27;[m [&amp#27;[30mTRACE&amp#27;[m] [id: 0x1af4f6b2, L:/127.0.0.1:62358 ! R:localhost/127.0.0.1:62350] UNREGISTERED
&amp#27;[35m23-10-10 18:16:43:825&amp#27;[m [&amp#27;[34mDEBUG&amp#27;[m] Closing Channel [id: 0xcadc1747, L:/127.0.0.1:62360 ! R:localhost/127.0.0.1:62350] 
&amp#27;[35m23-10-10 18:16:43:826&amp#27;[m [&amp#27;[30mTRACE&amp#27;[m] [id: 0xcadc1747, L:/127.0.0.1:62360 ! R:localhost/127.0.0.1:62350] USER_EVENT: io.netty.channel.socket.ChannelInputShutdownReadComplete@7e024367
&amp#27;[35m23-10-10 18:16:43:826&amp#27;[m [&amp#27;[30mTRACE&amp#27;[m] [id: 0xcadc1747, L:/127.0.0.1:62360 ! R:localhost/127.0.0.1:62350] INACTIVE
[...]
|00000010| 6f 77 73 65 72 2f 38 31 32 30 36 32 30 32 2d 38 |owser/81206202-8|
|00000020| 38 35 36 2d 34 35 32 30 2d 39 62 39 63 2d 31 62 |856-4520-9b9c-1b|
|00000030| 33 64 33 37 66 65 38 39 61 36 20 48 54 54 50 2f |3d37fe89a6 HTTP/|
|00000040| 31 2e 31 0d 0a 75 70 67 72 61 64 65 3a 20 77 65 |1.1..upgrade: we|
|00000050| 62 73 6f 63 6b 65 74 0d 0a 63 6f 6e 6e 65 63 74 |bsocket..connect|
|00000060| 69 6f 6e 3a 20 75 70 67 72 61 64 65 0d 0a 73 65 |ion: upgrade..se|
|00000070| 63 2d 77 65 62 73 6f 63 6b 65 74 2d 6b 65 79 3a |c-websocket-key:|
|00000080| 20 43 2b 2b 49 53 46 33 77 5a 6e 2f 2b 39 45 42 | C++ISF3wZn/+9EB|
|00000090| 46 32 6f 47 30 36 41 3d 3d 0d 0a 73 65 63 2d 77 |F2oG06A==..sec-w|
|000000a0| 65 62 73 6f 63 6b 65 74 2d 76 65 72 73 69 6f 6e |ebsocket-version|
|000000b0| 3a 20 31 33 0d 0a 6f 72 69 67 69 6e 3a 20 68 74 |: 13..origin: ht|
|000000c0| 74 70 3a 2f 2f 6c 6f 63 61 6c 68 6f 73 74 3a 36 |tp://localhost:6|
|000000d0| 32 34 30 35 0d 0a 68 6f 73 74 3a 20 6c 6f 63 61 |2405..host: loca|
|000000e0| 6c 68 6f 73 74 3a 36 32 34 30 35 0d 0a 61 63 63 |lhost:62405..acc|
|000000f0| 65 70 74 3a 20 2a 2f 2a 0d 0a 75 73 65 72 2d 61 |ept: */*..user-a|
|00000100| 67 65 6e 74 3a 20 41 48 43 2f 32 2e 31 0d 0a 0d |gent: AHC/2.1...|
|00000110| 0a                                              |.               |
+--------+-------------------------------------------------+----------------+
&amp#27;[35m23-10-10 18:16:50:724&amp#27;[m [&amp#27;[30mTRACE&amp#27;[m] [id: 0x0241ada1, L:/127.0.0.1:62411 - R:localhost/127.0.0.1:62405] FLUSH
&amp#27;[35m23-10-10 18:16:50:724&amp#27;[m [&amp#27;[30mTRACE&amp#27;[m] [id: 0x0241ada1, L:/127.0.0.1:62411 - R:localhost/127.0.0.1:62405] ACTIVE
&amp#27;[35m23-10-10 18:16:50:725&amp#27;[m [&amp#27;[30mTRACE&amp#27;[m] [id: 0x0241ada1, L:/127.0.0.1:62411 - R:localhost/127.0.0.1:62405] READ: 138B
         +-------------------------------------------------+
         |  0  1  2  3  4  5  6  7  8  9  a  b  c  d  e  f |
+--------+-------------------------------------------------+----------------+
|00000000| 48 54 54 50 2f 31 2e 31 20 31 30 31 20 57 65 62 |HTTP/1.1 101 Web|
|00000010| 53 6f 63 6b 65 74 20 50 72 6f 74 6f 63 6f 6c 20 |Socket Protocol |
|00000020| 48 61 6e 64 73 68 61 6b 65 0d 0a 55 70 67 72 61 |Handshake..Upgra|
|00000030| 64 65 3a 20 57 65 62 53 6f 63 6b 65 74 0d 0a 43 |de: WebSocket..C|
|00000040| 6f 6e 6e 65 63 74 69 6f 6e 3a 20 55 70 67 72 61 |onnection: Upgra|
|00000050| 64 65 0d 0a 53 65 63 2d 57 65 62 53 6f 63 6b 65 |de..Sec-WebSocke|
|00000060| 74 2d 41 63 63 65 70 74 3a 20 4c 59 31 75 6d 61 |t-Accept: LY1uma|
|00000070| 57 66 69 7a 63 79 71 35 35 30 35 66 43 50 55 59 |Wfizcyq5505fCPUY|
|00000080| 69 6d 64 63 59 3d 0d 0a 0d 0a                   |imdcY=....      |
+--------+-------------------------------------------------+----------------+
&amp#27;[35m23-10-10 18:16:50:725&amp#27;[m [&amp#27;[34mDEBUG&amp#27;[m] 

Request DefaultFullHttpRequest(decodeResult: success, version: HTTP/1.1, content: EmptyByteBufBE)
GET /devtools/browser/81206202-8856-4520-9b9c-1b3d37fe89a6 HTTP/1.1
upgrade: websocket
connection: upgrade
sec-websocket-key: C++ISF3wZn/+9EBF2oG06A==
sec-websocket-version: 13
origin: http://localhost:62405
host: localhost:62405
accept: */*
user-agent: AHC/2.1

Response DefaultHttpResponse(decodeResult: success, version: HTTP/1.1)
HTTP/1.1 101 WebSocket Protocol Handshake
Upgrade: WebSocket
Connection: Upgrade
Sec-WebSocket-Accept: LY1umaWfizcyq5505fCPUYimdcY=

&amp#27;[35m23-10-10 18:16:50:726&amp#27;[m [&amp#27;[30mTRACE&amp#27;[m] [id: 0x0241ada1, L:/127.0.0.1:62411 - R:localhost/127.0.0.1:62405] READ COMPLETE
&amp#27;[35m23-10-10 18:16:50:736&amp#27;[m [&amp#27;[34mDEBUG&amp#27;[m] Using pooled Channel '[id: 0xa77e8f7f, L:/127.0.0.1:62404 - R:localhost/127.0.0.1:62883]' for 'POST' to 'http://localhost:62883/session/7d2757525b5c68bc9fd40eaac8c4c25a/url'
&amp#27;[35m23-10-10 18:16:50:736&amp#27;[m [&amp#27;[34mDEBUG&amp#27;[m] Using open Channel [id: 0xa77e8f7f, L:/127.0.0.1:62404 - R:localhost/127.0.0.1:62883] for POST '/session/7d2757525b5c68bc9fd40eaac8c4c25a/url'
&amp#27;[35m23-10-10 18:16:50:737&amp#27;[m [&amp#27;[30mTRACE&amp#27;[m] [id: 0xa77e8f7f, L:/127.0.0.1:62404 - R:localhost/127.0.0.1:62883] WRITE: 209B
         +-------------------------------------------------+
         |  0  1  2  3  4  5  6  7  8  9  a  b  c  d  e  f |
+--------+-------------------------------------------------+----------------+
|00000000| 50 4f 53 54 20 2f 73 65 73 73 69 6f 6e 2f 37 64 |POST /session/7d|
|00000010| 32 37 35 37 35 32 35 62 35 63 36 38 62 63 39 66 |2757525b5c68bc9f|
|00000020| 64 34 30 65 61 61 63 38 63 34 63 32 35 61 2f 75 |d40eaac8c4c25a/u|
|00000030| 72 6c 20 48 54 54 50 2f 31 2e 31 0d 0a 55 73 65 |rl HTTP/1.1..Use|
|00000040| 72 2d 41 67 65 6e 74 3a 20 73 65 6c 65 6e 69 75 |r-Agent: seleniu|
|00000050| 6d 2f 34 2e 35 2e 30 20 28 6a 61 76 61 20 77 69 |m/4.5.0 (java wi|
|00000060| 6e 64 6f 77 73 29 0d 0a 43 6f 6e 74 65 6e 74 2d |ndows)..Content-|
|00000070| 4c 65 6e 67 74 68 3a 20 36 39 0d 0a 43 6f 6e 74 |Length: 69..Cont|
|00000080| 65 6e 74 2d 54 79 70 65 3a 20 61 70 70 6c 69 63 |ent-Type: applic|
|00000090| 61 74 69 6f 6e 2f 6a 73 6f 6e 3b 20 63 68 61 72 |ation/json; char|
|000000a0| 73 65 74 3d 75 74 66 2d 38 0d 0a 68 6f 73 74 3a |set=utf-8..host:|
|000000b0| 20 6c 6f 63 61 6c 68 6f 73 74 3a 36 32 38 38 33 | localhost:62883|
|000000c0| 0d 0a 61 63 63 65 70 74 3a 20 2a 2f 2a 0d 0a 0d |..accept: */*...|
|000000d0| 0a                                              |.               |
+--------+-------------------------------------------------+----------------+
&amp#27;[35m23-10-10 18:16:50:738&amp#27;[m [&amp#27;[30mTRACE&amp#27;[m] [id: 0xa77e8f7f, L:/127.0.0.1:62404 - R:localhost/127.0.0.1:62883] WRITE: 69B
         +-------------------------------------------------+
         |  0  1  2  3  4  5  6  7  8  9  a  b  c  d  e  f |
+--------+-------------------------------------------------+----------------+
|00000000| 7b 0a 20 20 22 75 72 6c 22 3a 20 22 68 74 74 70 |{.  "url": "http|
|00000010| 73 3a 5c 75 30 30 32 66 5c 75 30 30 32 66 6c 6f |s:\u002f\u002flo|
|00000020| 67 69 6e 2e 73 61 6c 65 73 66 6f 72 63 65 2e 63 |gin.salesforce.c|
|00000030| 6f 6d 5c 75 30 30 32 66 3f 6c 6f 63 61 6c 65 3d |om\u002f?locale=|
|00000040| 65 75 22 0a 7d                                  |eu".}           |
+--------+-------------------------------------------------+----------------+
&amp#27;[35m23-10-10 18:16:50:738&amp#27;[m [&amp#27;[30mTRACE&amp#27;[m] [id: 0xa77e8f7f, L:/127.0.0.1:62404 - R:localhost/127.0.0.1:62883] FLUSH
&amp#27;[35m23-10-10 18:16:50:738&amp#27;[m [&amp#27;[30mTRACE&amp#27;[m] [id: 0xa77e8f7f, L:/127.0.0.1:62404 - R:localhost/127.0.0.1:62883] WRITE: 0B
&amp#27;[35m23-10-10 18:16:50:739&amp#27;[m [&amp#27;[30mTRACE&amp#27;[m] [id: 0xa77e8f7f, L:/127.0.0.1:62404 - R:localhost/127.0.0.1:62883] FLUSH
&amp#27;[35m23-10-10 18:16:51:074&amp#27;[m [&amp#27;[34mDEBUG&amp#27;[m] Entry count for : http://localhost:62405 : 1
&amp#27;[35m23-10-10 18:16:52:170&amp#27;[m [&amp#27;[34mDEBUG&amp#27;[m] Entry count for : http://localhost:62405 : 1
&amp#27;[35m23-10-10 18:16:53:270&amp#27;[m [&amp#27;[34mDEBUG&amp#27;[m] Entry count for : http://localhost:62405 : 1
&amp#27;[35m23-10-10 18:16:54:370&amp#27;[m [&amp#27;[34mDEBUG&amp#27;[m] Entry count for : http://localhost:62405 : 1
&amp#27;[35m23-10-10 18:16:54:490&amp#27;[m [&amp#27;[30mTRACE&amp#27;[m] [id: 0xa77e8f7f, L:/127.0.0.1:62404 - R:localhost/127.0.0.1:62883] READ: 122B
         +-------------------------------------------------+
         |  0  1  2  3  4  5  6  7  8  9  a  b  c  d  e  f |
+--------+-------------------------------------------------+----------------+
|00000000| 48 54 54 50 2f 31 2e 31 20 32 30 30 20 4f 4b 0d |HTTP/1.1 200 OK.|
|00000010| 0a 43 6f 6e 74 65 6e 74 2d 4c 65 6e 67 74 68 3a |.Content-Length:|
|00000020| 31 34 0d 0a 43 6f 6e 74 65 6e 74 2d 54 79 70 65 |14..Content-Type|
|00000030| 3a 61 70 70 6c 69 63 61 74 69 6f 6e 2f 6a 73 6f |:application/jso|
|00000040| 6e 3b 20 63 68 61 72 73 65 74 3d 75 74 66 2d 38 |n; charset=utf-8|
|00000050| 0d 0a 63 61 63 68 65 2d 63 6f 6e 74 72 6f 6c 3a |..cache-control:|
|00000060| 6e 6f 2d 63 61 63 68 65 0d 0a 0d 0a 7b 22 76 61 |no-cache....{"va|
|00000070| 6c 75 65 22 3a 6e 75 6c 6c 7d                   |lue":null}      |
+--------+-------------------------------------------------+----------------+
&amp#27;[35m23-10-10 18:16:54:491&amp#27;[m [&amp#27;[34mDEBUG&amp#27;[m] 

Request DefaultHttpRequest(decodeResult: success, version: HTTP/1.1)
POST /session/7d2757525b5c68bc9fd40eaac8c4c25a/url HTTP/1.1
User-Agent: selenium/4.5.0 (java windows)
Content-Length: 69
Content-Type: application/json; charset=utf-8
host: localhost:62883
accept: */*

Response DefaultHttpResponse(decodeResult: success, version: HTTP/1.1)
HTTP/1.1 200 OK
Content-Type: application/json; charset=utf-8
cache-control: no-cache
content-length: 14

&amp#27;[35m23-10-10 18:16:54:491&amp#27;[m [&amp#27;[34mDEBUG&amp#27;[m] Adding key: http://localhost:62883 for channel [id: 0xa77e8f7f, L:/127.0.0.1:62404 - R:localhost/127.0.0.1:62883]
&amp#27;[35m23-10-10 18:16:54:491&amp#27;[m [&amp#27;[30mTRACE&amp#27;[m] [id: 0xa77e8f7f, L:/127.0.0.1:62404 - R:localhost/127.0.0.1:62883] READ COMPLETE
&amp#27;[35m23-10-10 18:16:54:496&amp#27;[m [&amp#27;[34mDEBUG&amp#27;[m] Using pooled Channel '[id: 0xa77e8f7f, L:/127.0.0.1:62404 - R:localhost/127.0.0.1:62883]' for 'POST' to 'http://localhost:62883/session/7d2757525b5c68bc9fd40eaac8c4c25a/url'
&amp#27;[35m23-10-10 18:16:54:496&amp#27;[m [&amp#27;[34mDEBUG&amp#27;[m] Using open Channel [id: 0xa77e8f7f, L:/127.0.0.1:62404 - R:localhost/127.0.0.1:62883] for POST '/session/7d2757525b5c68bc9fd40eaac8c4c25a/url'
&amp#27;[35m23-10-10 18:16:54:502&amp#27;[m [&amp#27;[30mTRACE&amp#27;[m] [id: 0xa77e8f7f, L:/127.0.0.1:62404 - R:localhost/127.0.0.1:62883] WRITE: 209B
         +-------------------------------------------------+
         |  0  1  2  3  4  5  6  7  8  9  a  b  c  d  e  f |
+--------+-------------------------------------------------+----------------+
|00000000| 50 4f 53 54 20 2f 73 65 73 73 69 6f 6e 2f 37 64 |POST /session/7d|
|00000010| 32 37 35 37 35 32 35 62 35 63 36 38 62 63 39 66 |2757525b5c68bc9f|
|00000020| 64 34 30 65 61 61 63 38 63 34 63 32 35 61 2f 75 |d40eaac8c4c25a/u|
|00000030| 72 6c 20 48 54 54 50 2f 31 2e 31 0d 0a 55 73 65 |rl HTTP/1.1..Use|
|00000040| 72 2d 41 67 65 6e 74 3a 20 73 65 6c 65 6e 69 75 |r-Agent: seleniu|
|00000050| 6d 2f 34 2e 35 2e 30 20 28 6a 61 76 61 20 77 69 |m/4.5.0 (java wi|
|00000060| 6e 64 6f 77 73 29 0d 0a 43 6f 6e 74 65 6e 74 2d |ndows)..Content-|
|00000070| 4c 65 6e 67 74 68 3a 20 36 39 0d 0a 43 6f 6e 74 |Length: 69..Cont|
|00000080| 65 6e 74 2d 54 79 70 65 3a 20 61 70 70 6c 69 63 |ent-Type: applic|
|00000090| 61 74 69 6f 6e 2f 6a 73 6f 6e 3b 20 63 68 61 72 |ation/json; char|
|000000a0| 73 65 74 3d 75 74 66 2d 38 0d 0a 68 6f 73 74 3a |set=utf-8..host:|
|000000b0| 20 6c 6f 63 61 6c 68 6f 73 74 3a 36 32 38 38 33 | localhost:62883|
|000000c0| 0d 0a 61 63 63 65 70 74 3a 20 2a 2f 2a 0d 0a 0d |..accept: */*...|
|000000d0| 0a                                              |.               |
+--------+-------------------------------------------------+----------------+
&amp#27;[35m23-10-10 18:16:54:503&amp#27;[m [&amp#27;[30mTRACE&amp#27;[m] [id: 0xa77e8f7f, L:/127.0.0.1:62404 - R:localhost/127.0.0.1:62883] WRITE: 69B
         +-------------------------------------------------+
         |  0  1  2  3  4  5  6  7  8  9  a  b  c  d  e  f |
+--------+-------------------------------------------------+----------------+
|00000000| 7b 0a 20 20 22 75 72 6c 22 3a 20 22 68 74 74 70 |{.  "url": "http|
|00000010| 73 3a 5c 75 30 30 32 66 5c 75 30 30 32 66 6c 6f |s:\u002f\u002flo|
|00000020| 67 69 6e 2e 73 61 6c 65 73 66 6f 72 63 65 2e 63 |gin.salesforce.c|
|00000030| 6f 6d 5c 75 30 30 32 66 3f 6c 6f 63 61 6c 65 3d |om\u002f?locale=|
|00000040| 65 75 22 0a 7d                                  |eu".}           |
+--------+-------------------------------------------------+----------------+
&amp#27;[35m23-10-10 18:16:54:503&amp#27;[m [&amp#27;[30mTRACE&amp#27;[m] [id: 0xa77e8f7f, L:/127.0.0.1:62404 - R:localhost/127.0.0.1:62883] FLUSH
&amp#27;[35m23-10-10 18:16:54:504&amp#27;[m [&amp#27;[30mTRACE&amp#27;[m] [id: 0xa77e8f7f, L:/127.0.0.1:62404 - R:localhost/127.0.0.1:62883] WRITE: 0B
&amp#27;[35m23-10-10 18:16:54:504&amp#27;[m [&amp#27;[30mTRACE&amp#27;[m] [id: 0xa77e8f7f, L:/127.0.0.1:62404 - R:localhost/127.0.0.1:62883] FLUSH
&amp#27;[35m23-10-10 18:16:54:643&amp#27;[m [&amp#27;[30mTRACE&amp#27;[m] [id: 0xa77e8f7f, L:/127.0.0.1:62404 - R:localhost/127.0.0.1:62883] READ: 122B
         +-------------------------------------------------+
         |  0  1  2  3  4  5  6  7  8  9  a  b  c  d  e  f |
+--------+-------------------------------------------------+----------------+
|00000000| 48 54 54 50 2f 31 2e 31 20 32 30 30 20 4f 4b 0d |HTTP/1.1 200 OK.|
|00000010| 0a 43 6f 6e 74 65 6e 74 2d 4c 65 6e 67 74 68 3a |.Content-Length:|
|00000020| 31 34 0d 0a 43 6f 6e 74 65 6e 74 2d 54 79 70 65 |14..Content-Type|
|00000030| 3a 61 70 70 6c 69 63 61 74 69 6f 6e 2f 6a 73 6f |:application/jso|
|00000040| 6e 3b 20 63 68 61 72 73 65 74 3d 75 74 66 2d 38 |n; charset=utf-8|
|00000050| 0d 0a 63 61 63 68 65 2d 63 6f 6e 74 72 6f 6c 3a |..cache-control:|
|00000060| 6e 6f 2d 63 61 63 68 65 0d 0a 0d 0a 7b 22 76 61 |no-cache....{"va|
|00000070| 6c 75 65 22 3a 6e 75 6c 6c 7d                   |lue":null}      |
+--------+-------------------------------------------------+----------------+
&amp#27;[35m23-10-10 18:16:54:643&amp#27;[m [&amp#27;[34mDEBUG&amp#27;[m] 

Request DefaultHttpRequest(decodeResult: success, version: HTTP/1.1)
POST /session/7d2757525b5c68bc9fd40eaac8c4c25a/url HTTP/1.1
User-Agent: selenium/4.5.0 (java windows)
Content-Length: 69
Content-Type: application/json; charset=utf-8
host: localhost:62883
accept: */*

Response DefaultHttpResponse(decodeResult: success, version: HTTP/1.1)
HTTP/1.1 200 OK
Content-Type: application/json; charset=utf-8
cache-control: no-cache
content-length: 14

&amp#27;[35m23-10-10 18:16:54:644&amp#27;[m [&amp#27;[34mDEBUG&amp#27;[m] Adding key: http://localhost:62883 for channel [id: 0xa77e8f7f, L:/127.0.0.1:62404 - R:localhost/127.0.0.1:62883]
&amp#27;[35m23-10-10 18:16:54:644&amp#27;[m [&amp#27;[30mTRACE&amp#27;[m] [id: 0xa77e8f7f, L:/127.0.0.1:62404 - R:localhost/127.0.0.1:62883] READ COMPLETE
&amp#27;[35m23-10-10 18:16:54:649&amp#27;[m [&amp#27;[34mDEBUG&amp#27;[m] Using pooled Channel '[id: 0xa77e8f7f, L:/127.0.0.1:62404 - R:localhost/127.0.0.1:62883]' for 'GET' to 'http://localhost:62883/session/7d2757525b5c68bc9fd40eaac8c4c25a/title'
&amp#27;[35m23-10-10 18:16:54:650&amp#27;[m [&amp#27;[34mDEBUG&amp#27;[m] Using open Channel [id: 0xa77e8f7f, L:/127.0.0.1:62404 - R:localhost/127.0.0.1:62883] for GET '/session/7d2757525b5c68bc9fd40eaac8c4c25a/title'
&amp#27;[35m23-10-10 18:16:54:652&amp#27;[m [&amp#27;[30mTRACE&amp#27;[m] [id: 0xa77e8f7f, L:/127.0.0.1:62404 - R:localhost/127.0.0.1:62883] WRITE: 215B
         +-------------------------------------------------+
         |  0  1  2  3  4  5  6  7  8  9  a  b  c  d  e  f |
+--------+-------------------------------------------------+----------------+
|00000000| 47 45 54 20 2f 73 65 73 73 69 6f 6e 2f 37 64 32 |GET /session/7d2|
|00000010| 37 35 37 35 32 35 62 35 63 36 38 62 63 39 66 64 |757525b5c68bc9fd|
|00000020| 34 30 65 61 61 63 38 63 34 63 32 35 61 2f 74 69 |40eaac8c4c25a/ti|
|00000030| 74 6c 65 20 48 54 54 50 2f 31 2e 31 0d 0a 55 73 |tle HTTP/1.1..Us|
|00000040| 65 72 2d 41 67 65 6e 74 3a 20 73 65 6c 65 6e 69 |er-Agent: seleni|
|00000050| 75 6d 2f 34 2e 35 2e 30 20 28 6a 61 76 61 20 77 |um/4.5.0 (java w|
|00000060| 69 6e 64 6f 77 73 29 0d 0a 43 61 63 68 65 2d 43 |indows)..Cache-C|
|00000070| 6f 6e 74 72 6f 6c 3a 20 6e 6f 2d 63 61 63 68 65 |ontrol: no-cache|
|00000080| 0d 0a 43 6f 6e 74 65 6e 74 2d 54 79 70 65 3a 20 |..Content-Type: |
|00000090| 61 70 70 6c 69 63 61 74 69 6f 6e 2f 6a 73 6f 6e |application/json|
|000000a0| 3b 20 63 68 61 72 73 65 74 3d 75 74 66 2d 38 0d |; charset=utf-8.|
|000000b0| 0a 68 6f 73 74 3a 20 6c 6f 63 61 6c 68 6f 73 74 |.host: localhost|
|000000c0| 3a 36 32 38 38 33 0d 0a 61 63 63 65 70 74 3a 20 |:62883..accept: |
|000000d0| 2a 2f 2a 0d 0a 0d 0a                            |*/*....         |
+--------+-------------------------------------------------+----------------+
&amp#27;[35m23-10-10 18:16:54:652&amp#27;[m [&amp#27;[30mTRACE&amp#27;[m] [id: 0xa77e8f7f, L:/127.0.0.1:62404 - R:localhost/127.0.0.1:62883] FLUSH
&amp#27;[35m23-10-10 18:16:54:658&amp#27;[m [&amp#27;[30mTRACE&amp#27;[m] [id: 0xa77e8f7f, L:/127.0.0.1:62404 - R:localhost/127.0.0.1:62883] READ: 138B
         +-------------------------------------------------+
         |  0  1  2  3  4  5  6  7  8  9  a  b  c  d  e  f |
+--------+-------------------------------------------------+----------------+
|00000000| 48 54 54 50 2f 31 2e 31 20 32 30 30 20 4f 4b 0d |HTTP/1.1 200 OK.|
|00000010| 0a 43 6f 6e 74 65 6e 74 2d 4c 65 6e 67 74 68 3a |.Content-Length:|
|00000020| 33 30 0d 0a 43 6f 6e 74 65 6e 74 2d 54 79 70 65 |30..Content-Type|
|00000030| 3a 61 70 70 6c 69 63 61 74 69 6f 6e 2f 6a 73 6f |:application/jso|
|00000040| 6e 3b 20 63 68 61 72 73 65 74 3d 75 74 66 2d 38 |n; charset=utf-8|
|00000050| 0d 0a 63 61 63 68 65 2d 63 6f 6e 74 72 6f 6c 3a |..cache-control:|
|00000060| 6e 6f 2d 63 61 63 68 65 0d 0a 0d 0a 7b 22 76 61 |no-cache....{"va|
|00000070| 6c 75 65 22 3a 22 4c 6f 67 69 6e 20 7c 20 53 61 |lue":"Login | Sa|
|00000080| 6c 65 73 66 6f 72 63 65 22 7d                   |lesforce"}      |
+--------+-------------------------------------------------+----------------+
&amp#27;[35m23-10-10 18:16:54:659&amp#27;[m [&amp#27;[34mDEBUG&amp#27;[m] 

Request DefaultFullHttpRequest(decodeResult: success, version: HTTP/1.1, content: EmptyByteBufBE)
GET /session/7d2757525b5c68bc9fd40eaac8c4c25a/title HTTP/1.1
User-Agent: selenium/4.5.0 (java windows)
Cache-Control: no-cache
Content-Type: application/json; charset=utf-8
host: localhost:62883
accept: */*

Response DefaultHttpResponse(decodeResult: success, version: HTTP/1.1)
HTTP/1.1 200 OK
Content-Type: application/json; charset=utf-8
cache-control: no-cache
content-length: 30

&amp#27;[35m23-10-10 18:16:54:660&amp#27;[m [&amp#27;[34mDEBUG&amp#27;[m] Adding key: http://localhost:62883 for channel [id: 0xa77e8f7f, L:/127.0.0.1:62404 - R:localhost/127.0.0.1:62883]
&amp#27;[35m23-10-10 18:16:54:660&amp#27;[m [&amp#27;[30mTRACE&amp#27;[m] [id: 0xa77e8f7f, L:/127.0.0.1:62404 - R:localhost/127.0.0.1:62883] READ COMPLETE
Test Case Title 3 is - Login | Salesforce
]]></system-out>
    <system-err><![CDATA[Starting ChromeDriver 117.0.5938.149 (e3344ddefa12e60436fa28c81cf207c1afb4d0a9-refs/branch-heads/5938@{#1539}) on port 62883
Only local connections are allowed.
Please see https://chromedriver.chromium.org/security-considerations for suggestions on keeping ChromeDriver safe.
ChromeDriver was started successfully.
Oct 10, 2023 6:16:50 PM org.openqa.selenium.remote.ProtocolHandshake createSession
INFO: Detected upstream dialect: W3C
Oct 10, 2023 6:16:50 PM org.openqa.selenium.devtools.CdpVersionFinder findNearestMatch
WARNING: Unable to find an exact match for CDP version 117, so returning the closest version found: a no-op implementation
Oct 10, 2023 6:16:50 PM org.openqa.selenium.devtools.CdpVersionFinder findNearestMatch
INFO: Unable to find CDP implementation matching 117.
Oct 10, 2023 6:16:50 PM org.openqa.selenium.chromium.ChromiumDriver lambda$new$3
WARNING: Unable to find version of CDP to use for . You may need to include a dependency on a specific version of the CDP using something similar to `org.seleniumhq.selenium:selenium-devtools-v86:4.5.0` where the version ("v86") matches the version of the chromium-based browser you're using and the version number of the artifact is the same as Selenium's.
]]></system-err>
  </testcase>
</testsuite>