<?xml version="1.0" encoding="UTF-8"?>
<testng-results ignored="0" total="3" passed="3" failed="0" skipped="0">
  <reporter-output>
  </reporter-output>
  <suite started-at="2023-10-10T18:16:33 BST" name="Surefire suite" finished-at="2023-10-10T18:16:55 BST" duration-ms="21286">
    <groups>
    </groups>
    <test started-at="2023-10-10T18:16:33 BST" name="Surefire test" finished-at="2023-10-10T18:16:55 BST" duration-ms="21286">
      <class name="com.automationproject.demoCICD.TestClass1">
        <test-method is-config="true" signature="launchDriver()[pri:0, instance:com.automationproject.demoCICD.TestClass1@7d3430a7]" started-at="2023-10-10T18:16:33 BST" name="launchDriver" finished-at="2023-10-10T18:16:42 BST" duration-ms="9100" status="PASS">
          <reporter-output>
          </reporter-output>
        </test-method> <!-- launchDriver -->
        <test-method signature="Test1()[pri:0, instance:com.automationproject.demoCICD.TestClass1@7d3430a7]" started-at="2023-10-10T18:16:42 BST" name="Test1" finished-at="2023-10-10T18:16:43 BST" duration-ms="429" status="PASS">
          <reporter-output>
          </reporter-output>
        </test-method> <!-- Test1 -->
        <test-method is-config="true" signature="quit()[pri:0, instance:com.automationproject.demoCICD.TestClass1@7d3430a7]" started-at="2023-10-10T18:16:43 BST" name="quit" finished-at="2023-10-10T18:16:43 BST" duration-ms="588" status="PASS">
          <reporter-output>
          </reporter-output>
        </test-method> <!-- quit -->
        <test-method is-config="true" signature="launchDriver()[pri:0, instance:com.automationproject.demoCICD.TestClass1@7d3430a7]" started-at="2023-10-10T18:16:43 BST" name="launchDriver" finished-at="2023-10-10T18:16:48 BST" duration-ms="4963" status="PASS">
          <reporter-output>
          </reporter-output>
        </test-method> <!-- launchDriver -->
        <test-method signature="Test2()[pri:0, instance:com.automationproject.demoCICD.TestClass1@7d3430a7]" started-at="2023-10-10T18:16:48 BST" name="Test2" finished-at="2023-10-10T18:16:49 BST" duration-ms="268" status="PASS">
          <reporter-output>
          </reporter-output>
        </test-method> <!-- Test2 -->
        <test-method is-config="true" signature="quit()[pri:0, instance:com.automationproject.demoCICD.TestClass1@7d3430a7]" started-at="2023-10-10T18:16:49 BST" name="quit" finished-at="2023-10-10T18:16:49 BST" duration-ms="267" status="PASS">
          <reporter-output>
          </reporter-output>
        </test-method> <!-- quit -->
        <test-method is-config="true" signature="launchDriver()[pri:0, instance:com.automationproject.demoCICD.TestClass1@7d3430a7]" started-at="2023-10-10T18:16:49 BST" name="launchDriver" finished-at="2023-10-10T18:16:54 BST" duration-ms="5032" status="PASS">
          <reporter-output>
          </reporter-output>
        </test-method> <!-- launchDriver -->
        <test-method signature="Test3()[pri:0, instance:com.automationproject.demoCICD.TestClass1@7d3430a7]" started-at="2023-10-10T18:16:54 BST" name="Test3" finished-at="2023-10-10T18:16:54 BST" duration-ms="169" status="PASS">
          <reporter-output>
          </reporter-output>
        </test-method> <!-- Test3 -->
        <test-method is-config="true" signature="quit()[pri:0, instance:com.automationproject.demoCICD.TestClass1@7d3430a7]" started-at="2023-10-10T18:16:54 BST" name="quit" finished-at="2023-10-10T18:16:55 BST" duration-ms="414" status="PASS">
          <reporter-output>
          </reporter-output>
        </test-method> <!-- quit -->
      </class> <!-- com.automationproject.demoCICD.TestClass1 -->
    </test> <!-- Surefire test -->
  </suite> <!-- Surefire suite -->
</testng-results>
